{"C:\\Users\\Fran-PC\\Documents\\GradoInformatica\\PL\\analizador-usando-peg-ale-fran\\test.js":{"path":"C:\\Users\\Fran-PC\\Documents\\GradoInformatica\\PL\\analizador-usando-peg-ale-fran\\test.js","s":{"1":1,"2":1,"3":1,"4":1,"5":18,"6":1,"7":1,"8":1,"9":1,"10":1,"11":1,"12":1,"13":1,"14":1,"15":1,"16":1,"17":1,"18":1,"19":1,"20":1,"21":1,"22":1,"23":1,"24":1,"25":1,"26":1,"27":1,"28":1,"29":1,"30":1,"31":1,"32":1,"33":1,"34":1,"35":1,"36":1,"37":1,"38":1,"39":1,"40":1,"41":1,"42":1,"43":1,"44":1,"45":1,"46":1,"47":1,"48":1,"49":1,"50":1,"51":1,"52":1,"53":1,"54":1},"b":{},"f":{"1":18,"2":1,"3":1,"4":1,"5":1,"6":1,"7":1,"8":1,"9":1,"10":1,"11":1,"12":1,"13":1,"14":1},"fnMap":{"1":{"name":"removeSpaces","line":5,"loc":{"start":{"line":5,"column":0},"end":{"line":5,"column":26}}},"2":{"name":"(anonymous_2)","line":9,"loc":{"start":{"line":9,"column":36},"end":{"line":9,"column":48}}},"3":{"name":"(anonymous_3)","line":10,"loc":{"start":{"line":10,"column":20},"end":{"line":10,"column":30}}},"4":{"name":"(anonymous_4)","line":18,"loc":{"start":{"line":18,"column":25},"end":{"line":18,"column":35}}},"5":{"name":"(anonymous_5)","line":29,"loc":{"start":{"line":29,"column":43},"end":{"line":29,"column":55}}},"6":{"name":"(anonymous_6)","line":30,"loc":{"start":{"line":30,"column":26},"end":{"line":30,"column":36}}},"7":{"name":"(anonymous_7)","line":36,"loc":{"start":{"line":36,"column":21},"end":{"line":36,"column":31}}},"8":{"name":"(anonymous_8)","line":44,"loc":{"start":{"line":44,"column":52},"end":{"line":44,"column":64}}},"9":{"name":"(anonymous_9)","line":45,"loc":{"start":{"line":45,"column":51},"end":{"line":45,"column":61}}},"10":{"name":"(anonymous_10)","line":53,"loc":{"start":{"line":53,"column":51},"end":{"line":53,"column":61}}},"11":{"name":"(anonymous_11)","line":61,"loc":{"start":{"line":61,"column":29},"end":{"line":61,"column":39}}},"12":{"name":"(anonymous_12)","line":70,"loc":{"start":{"line":70,"column":34},"end":{"line":70,"column":46}}},"13":{"name":"(anonymous_13)","line":71,"loc":{"start":{"line":71,"column":39},"end":{"line":71,"column":49}}},"14":{"name":"(anonymous_14)","line":79,"loc":{"start":{"line":79,"column":46},"end":{"line":79,"column":56}}}},"statementMap":{"1":{"start":{"line":1,"column":0},"end":{"line":1,"column":27}},"2":{"start":{"line":2,"column":0},"end":{"line":2,"column":33}},"3":{"start":{"line":3,"column":0},"end":{"line":3,"column":25}},"4":{"start":{"line":5,"column":0},"end":{"line":7,"column":1}},"5":{"start":{"line":6,"column":2},"end":{"line":6,"column":31}},"6":{"start":{"line":9,"column":0},"end":{"line":27,"column":3}},"7":{"start":{"line":10,"column":2},"end":{"line":17,"column":5}},"8":{"start":{"line":11,"column":4},"end":{"line":13,"column":18}},"9":{"start":{"line":14,"column":4},"end":{"line":14,"column":30}},"10":{"start":{"line":15,"column":4},"end":{"line":15,"column":76}},"11":{"start":{"line":16,"column":4},"end":{"line":16,"column":31}},"12":{"start":{"line":18,"column":2},"end":{"line":26,"column":5}},"13":{"start":{"line":19,"column":4},"end":{"line":22,"column":18}},"14":{"start":{"line":23,"column":4},"end":{"line":23,"column":30}},"15":{"start":{"line":24,"column":4},"end":{"line":24,"column":81}},"16":{"start":{"line":25,"column":4},"end":{"line":25,"column":31}},"17":{"start":{"line":29,"column":0},"end":{"line":42,"column":3}},"18":{"start":{"line":30,"column":2},"end":{"line":35,"column":5}},"19":{"start":{"line":31,"column":4},"end":{"line":31,"column":122}},"20":{"start":{"line":32,"column":4},"end":{"line":32,"column":30}},"21":{"start":{"line":33,"column":4},"end":{"line":33,"column":81}},"22":{"start":{"line":34,"column":4},"end":{"line":34,"column":31}},"23":{"start":{"line":36,"column":2},"end":{"line":41,"column":5}},"24":{"start":{"line":37,"column":4},"end":{"line":37,"column":94}},"25":{"start":{"line":38,"column":4},"end":{"line":38,"column":30}},"26":{"start":{"line":39,"column":4},"end":{"line":39,"column":76}},"27":{"start":{"line":40,"column":4},"end":{"line":40,"column":31}},"28":{"start":{"line":44,"column":0},"end":{"line":68,"column":3}},"29":{"start":{"line":45,"column":2},"end":{"line":52,"column":5}},"30":{"start":{"line":46,"column":4},"end":{"line":48,"column":89}},"31":{"start":{"line":49,"column":4},"end":{"line":49,"column":30}},"32":{"start":{"line":50,"column":4},"end":{"line":50,"column":106}},"33":{"start":{"line":51,"column":4},"end":{"line":51,"column":31}},"34":{"start":{"line":53,"column":2},"end":{"line":60,"column":5}},"35":{"start":{"line":54,"column":4},"end":{"line":56,"column":112}},"36":{"start":{"line":57,"column":4},"end":{"line":57,"column":30}},"37":{"start":{"line":58,"column":4},"end":{"line":58,"column":106}},"38":{"start":{"line":59,"column":4},"end":{"line":59,"column":31}},"39":{"start":{"line":61,"column":2},"end":{"line":67,"column":5}},"40":{"start":{"line":62,"column":4},"end":{"line":63,"column":98}},"41":{"start":{"line":64,"column":4},"end":{"line":64,"column":30}},"42":{"start":{"line":65,"column":4},"end":{"line":65,"column":84}},"43":{"start":{"line":66,"column":4},"end":{"line":66,"column":31}},"44":{"start":{"line":70,"column":0},"end":{"line":87,"column":3}},"45":{"start":{"line":71,"column":2},"end":{"line":78,"column":5}},"46":{"start":{"line":72,"column":4},"end":{"line":74,"column":116}},"47":{"start":{"line":75,"column":4},"end":{"line":75,"column":30}},"48":{"start":{"line":76,"column":4},"end":{"line":76,"column":94}},"49":{"start":{"line":77,"column":4},"end":{"line":77,"column":31}},"50":{"start":{"line":79,"column":2},"end":{"line":86,"column":5}},"51":{"start":{"line":80,"column":4},"end":{"line":82,"column":124}},"52":{"start":{"line":83,"column":4},"end":{"line":83,"column":30}},"53":{"start":{"line":84,"column":4},"end":{"line":84,"column":101}},"54":{"start":{"line":85,"column":4},"end":{"line":85,"column":31}}},"branchMap":{}},"C:\\Users\\Fran-PC\\Documents\\GradoInformatica\\PL\\analizador-usando-peg-ale-fran\\parser.js":{"path":"C:\\Users\\Fran-PC\\Documents\\GradoInformatica\\PL\\analizador-usando-peg-ale-fran\\parser.js","s":{"1":1,"2":1,"3":1,"4":1,"5":1,"6":1,"7":0,"8":0,"9":0,"10":0,"11":0,"12":0,"13":0,"14":1,"15":1,"16":0,"17":0,"18":0,"19":0,"20":0,"21":0,"22":0,"23":0,"24":0,"25":1,"26":0,"27":1,"28":0,"29":0,"30":0,"31":1,"32":0,"33":0,"34":0,"35":1,"36":0,"37":1,"38":0,"39":0,"40":0,"41":0,"42":0,"43":0,"44":0,"45":0,"46":0,"47":0,"48":0,"49":0,"50":0,"51":0,"52":1,"53":0,"54":0,"55":1,"56":9,"57":9,"58":9,"59":9,"60":2,"61":1,"62":1,"63":8,"64":2,"65":6,"66":1,"67":0,"68":1,"69":1,"70":1,"71":2,"72":1,"73":4,"74":2,"75":0,"76":2,"77":2,"78":2,"79":3,"80":2,"81":2,"82":11,"83":8,"84":3,"85":3,"86":3,"87":3,"88":12,"89":11,"90":1,"91":1,"92":1,"93":1,"94":0,"95":12,"96":9,"97":12,"98":2,"99":2,"100":1,"101":1,"102":0,"103":9,"104":29,"105":12,"106":7,"107":1,"108":9,"109":0,"110":0,"111":0,"112":1,"113":0,"114":1,"115":0,"116":1,"117":0,"118":0,"119":1,"120":0,"121":0,"122":1,"123":144,"124":1,"125":45,"126":1,"127":0,"128":1,"129":0,"130":1,"131":18,"132":1,"133":0,"134":0,"135":0,"136":0,"137":0,"138":0,"139":0,"140":0,"141":0,"142":0,"143":0,"144":0,"145":0,"146":0,"147":0,"148":0,"149":1,"150":0,"151":0,"152":1,"153":0,"154":0,"155":0,"156":0,"157":0,"158":0,"159":1,"160":0,"161":1,"162":0,"163":1,"164":9,"165":9,"166":9,"167":9,"168":9,"169":9,"170":9,"171":9,"172":9,"173":0,"174":9,"175":9,"176":9,"177":9,"178":9,"179":9,"180":0,"181":0,"182":0,"183":9,"184":1,"185":26,"186":26,"187":26,"188":26,"189":9,"190":9,"191":26,"192":26,"193":17,"194":17,"195":17,"196":1,"197":1,"198":17,"199":17,"200":16,"201":16,"202":16,"203":1,"204":1,"205":16,"206":16,"207":15,"208":15,"209":15,"210":1,"211":1,"212":15,"213":15,"214":14,"215":14,"216":14,"217":1,"218":1,"219":14,"220":26,"221":1,"222":26,"223":26,"224":26,"225":26,"226":19,"227":26,"228":26,"229":26,"230":13,"231":13,"232":13,"233":8,"234":8,"235":8,"236":8,"237":0,"238":0,"239":5,"240":5,"241":13,"242":5,"243":13,"244":13,"245":13,"246":8,"247":8,"248":8,"249":5,"250":5,"251":0,"252":0,"253":13,"254":13,"255":0,"256":0,"257":26,"258":18,"259":18,"260":18,"261":17,"262":18,"263":18,"264":18,"265":5,"266":5,"267":1,"268":1,"269":1,"270":1,"271":1,"272":0,"273":0,"274":4,"275":4,"276":13,"277":13,"278":0,"279":0,"280":26,"281":1,"282":17,"283":17,"284":17,"285":1,"286":1,"287":16,"288":16,"289":0,"290":17,"291":1,"292":1,"293":1,"294":1,"295":1,"296":1,"297":1,"298":0,"299":0,"300":0,"301":0,"302":16,"303":16,"304":17,"305":1,"306":15,"307":15,"308":15,"309":1,"310":1,"311":14,"312":14,"313":0,"314":15,"315":1,"316":1,"317":1,"318":1,"319":1,"320":1,"321":1,"322":0,"323":0,"324":0,"325":0,"326":14,"327":14,"328":15,"329":1,"330":17,"331":17,"332":17,"333":2,"334":2,"335":15,"336":15,"337":0,"338":17,"339":2,"340":2,"341":1,"342":2,"343":2,"344":2,"345":2,"346":2,"347":1,"348":2,"349":2,"350":2,"351":2,"352":2,"353":2,"354":2,"355":2,"356":0,"357":0,"358":0,"359":0,"360":0,"361":0,"362":0,"363":0,"364":0,"365":0,"366":15,"367":15,"368":17,"369":1,"370":14,"371":14,"372":14,"373":14,"374":1,"375":1,"376":1,"377":1,"378":0,"379":1,"380":1,"381":1,"382":1,"383":1,"384":1,"385":1,"386":1,"387":0,"388":0,"389":0,"390":0,"391":0,"392":0,"393":0,"394":0,"395":13,"396":13,"397":14,"398":1,"399":4,"400":4,"401":4,"402":4,"403":4,"404":4,"405":4,"406":4,"407":4,"408":4,"409":0,"410":4,"411":4,"412":4,"413":4,"414":4,"415":4,"416":0,"417":0,"418":0,"419":0,"420":0,"421":0,"422":4,"423":1,"424":3,"425":3,"426":3,"427":3,"428":2,"429":2,"430":2,"431":2,"432":2,"433":2,"434":2,"435":2,"436":0,"437":0,"438":0,"439":0,"440":2,"441":3,"442":3,"443":3,"444":3,"445":1,"446":1,"447":1,"448":1,"449":0,"450":0,"451":2,"452":2,"453":2,"454":2,"455":2,"456":2,"457":0,"458":0,"459":1,"460":1,"461":3,"462":1,"463":2,"464":2,"465":2,"466":2,"467":2,"468":2,"469":2,"470":2,"471":2,"472":2,"473":2,"474":2,"475":2,"476":2,"477":2,"478":0,"479":0,"480":0,"481":0,"482":0,"483":0,"484":0,"485":0,"486":0,"487":0,"488":2,"489":1,"490":11,"491":11,"492":11,"493":11,"494":11,"495":11,"496":11,"497":11,"498":3,"499":3,"500":3,"501":3,"502":0,"503":0,"504":8,"505":8,"506":11,"507":3,"508":3,"509":3,"510":3,"511":0,"512":0,"513":0,"514":0,"515":0,"516":0,"517":3,"518":3,"519":11,"520":11,"521":11,"522":11,"523":0,"524":0,"525":0,"526":0,"527":11,"528":1,"529":12,"530":12,"531":12,"532":12,"533":12,"534":12,"535":12,"536":12,"537":1,"538":1,"539":1,"540":1,"541":0,"542":0,"543":11,"544":11,"545":12,"546":1,"547":1,"548":1,"549":1,"550":0,"551":0,"552":0,"553":0,"554":0,"555":0,"556":1,"557":1,"558":12,"559":12,"560":12,"561":12,"562":0,"563":0,"564":0,"565":0,"566":12,"567":1,"568":12,"569":12,"570":12,"571":12,"572":0,"573":0,"574":0,"575":0,"576":0,"577":0,"578":0,"579":0,"580":0,"581":0,"582":0,"583":12,"584":12,"585":12,"586":12,"587":12,"588":12,"589":12,"590":12,"591":12,"592":12,"593":1,"594":22,"595":22,"596":22,"597":22,"598":22,"599":9,"600":9,"601":22,"602":22,"603":13,"604":13,"605":13,"606":12,"607":12,"608":13,"609":22,"610":22,"611":1,"612":1,"613":0,"614":22,"615":1,"616":390,"617":390,"618":390,"619":66,"620":66,"621":324,"622":324,"623":0,"624":390,"625":66,"626":66,"627":0,"628":0,"629":66,"630":66,"631":0,"632":390,"633":1,"634":2,"635":2,"636":2,"637":2,"638":2,"639":2,"640":2,"641":2,"642":2,"643":0,"644":0,"645":0,"646":2,"647":2,"648":2,"649":2,"650":0,"651":0,"652":0,"653":2,"654":2,"655":2,"656":0,"657":0,"658":0,"659":0,"660":2,"661":2,"662":0,"663":2,"664":2,"665":2,"666":2,"667":2,"668":2,"669":0,"670":0,"671":0,"672":0,"673":0,"674":0,"675":2,"676":0,"677":0,"678":0,"679":0,"680":0,"681":0,"682":0,"683":0,"684":0,"685":0,"686":0,"687":0,"688":0,"689":0,"690":0,"691":0,"692":0,"693":0,"694":0,"695":0,"696":0,"697":2,"698":1,"699":14,"700":14,"701":14,"702":12,"703":14,"704":1,"705":13,"706":13,"707":13,"708":12,"709":13,"710":1,"711":14,"712":14,"713":14,"714":14,"715":14,"716":2,"717":2,"718":12,"719":12,"720":0,"721":14,"722":2,"723":2,"724":2,"725":2,"726":2,"727":0,"728":0,"729":12,"730":12,"731":0,"732":0,"733":14,"734":1,"735":12,"736":12,"737":12,"738":12,"739":12,"740":1,"741":1,"742":11,"743":11,"744":0,"745":12,"746":1,"747":1,"748":1,"749":1,"750":1,"751":0,"752":0,"753":11,"754":11,"755":0,"756":0,"757":12,"758":1,"759":13,"760":13,"761":13,"762":13,"763":13,"764":1,"765":1,"766":12,"767":12,"768":0,"769":13,"770":1,"771":1,"772":1,"773":1,"774":1,"775":0,"776":0,"777":12,"778":12,"779":0,"780":0,"781":13,"782":1,"783":12,"784":12,"785":12,"786":12,"787":12,"788":0,"789":0,"790":12,"791":12,"792":0,"793":12,"794":0,"795":0,"796":0,"797":0,"798":0,"799":0,"800":0,"801":12,"802":12,"803":0,"804":0,"805":12,"806":1,"807":18,"808":18,"809":18,"810":18,"811":18,"812":9,"813":9,"814":9,"815":9,"816":0,"817":18,"818":9,"819":9,"820":9,"821":9,"822":9,"823":0,"824":0,"825":9,"826":9,"827":0,"828":0,"829":18,"830":1,"831":14,"832":14,"833":14,"834":14,"835":14,"836":9,"837":9,"838":5,"839":5,"840":0,"841":14,"842":9,"843":9,"844":9,"845":9,"846":0,"847":0,"848":5,"849":5,"850":0,"851":0,"852":14,"853":1,"854":5,"855":5,"856":5,"857":5,"858":5,"859":3,"860":3,"861":2,"862":2,"863":0,"864":5,"865":3,"866":3,"867":3,"868":3,"869":0,"870":0,"871":2,"872":2,"873":0,"874":0,"875":5,"876":1,"877":17,"878":17,"879":17,"880":17,"881":17,"882":5,"883":5,"884":12,"885":12,"886":0,"887":17,"888":5,"889":5,"890":5,"891":5,"892":0,"893":0,"894":12,"895":12,"896":0,"897":0,"898":17,"899":1,"900":5,"901":5,"902":5,"903":5,"904":5,"905":5,"906":5,"907":0,"908":0,"909":0,"910":5,"911":5,"912":5,"913":5,"914":5,"915":0,"916":0,"917":0,"918":0,"919":0,"920":0,"921":5,"922":1,"923":4,"924":4,"925":4,"926":4,"927":4,"928":4,"929":4,"930":0,"931":0,"932":0,"933":4,"934":4,"935":4,"936":4,"937":4,"938":0,"939":0,"940":0,"941":0,"942":0,"943":0,"944":4,"945":1,"946":4,"947":4,"948":4,"949":4,"950":4,"951":4,"952":4,"953":0,"954":0,"955":0,"956":4,"957":4,"958":4,"959":4,"960":4,"961":0,"962":0,"963":0,"964":0,"965":0,"966":0,"967":4,"968":1,"969":82,"970":82,"971":82,"972":82,"973":82,"974":82,"975":82,"976":29,"977":29,"978":53,"979":53,"980":0,"981":82,"982":29,"983":112,"984":112,"985":83,"986":83,"987":29,"988":29,"989":0,"990":53,"991":82,"992":29,"993":53,"994":82,"995":29,"996":29,"997":29,"998":29,"999":29,"1000":0,"1001":0,"1002":53,"1003":53,"1004":0,"1005":0,"1006":82,"1007":1,"1008":13,"1009":13,"1010":13,"1011":13,"1012":13,"1013":13,"1014":13,"1015":12,"1016":12,"1017":1,"1018":1,"1019":0,"1020":13,"1021":12,"1022":16,"1023":16,"1024":4,"1025":4,"1026":12,"1027":12,"1028":0,"1029":1,"1030":13,"1031":12,"1032":1,"1033":13,"1034":12,"1035":12,"1036":12,"1037":12,"1038":12,"1039":0,"1040":0,"1041":1,"1042":1,"1043":0,"1044":0,"1045":13,"1046":1,"1047":44,"1048":44,"1049":44,"1050":44,"1051":44,"1052":7,"1053":7,"1054":37,"1055":37,"1056":0,"1057":44,"1058":7,"1059":7,"1060":7,"1061":7,"1062":7,"1063":0,"1064":0,"1065":37,"1066":37,"1067":0,"1068":0,"1069":44,"1070":37,"1071":37,"1072":37,"1073":37,"1074":1,"1075":1,"1076":36,"1077":36,"1078":0,"1079":37,"1080":1,"1081":1,"1082":1,"1083":1,"1084":1,"1085":0,"1086":0,"1087":36,"1088":36,"1089":0,"1090":0,"1091":44,"1092":9,"1093":9,"1094":9,"1095":9,"1096":9,"1097":9,"1098":0,"1099":0,"1100":0,"1101":1},"b":{"1":[0,0],"2":[0,0],"3":[0,0],"4":[0,0],"5":[0,0],"6":[0,0,0],"7":[0,0],"8":[0,9],"9":[2,6],"10":[0,2],"11":[1,5],"12":[0,1],"13":[0,2],"14":[8,3],"15":[11,1],"16":[0,9],"17":[0,0],"18":[0,0],"19":[0,0],"20":[0,0],"21":[0,0],"22":[0,0],"23":[0,0],"24":[9,0],"25":[9,0],"26":[0,9],"27":[0,0],"28":[9,17],"29":[17,9],"30":[1,16],"31":[16,1],"32":[1,15],"33":[15,1],"34":[1,14],"35":[14,1],"36":[1,13],"37":[19,7],"38":[26,0],"39":[13,13],"40":[8,5],"41":[8,0],"42":[5,8],"43":[13,0],"44":[8,5],"45":[18,8],"46":[17,1],"47":[18,0],"48":[5,13],"49":[1,4],"50":[1,0],"51":[1,16],"52":[0,16],"53":[1,16],"54":[1,0],"55":[1,0],"56":[1,14],"57":[0,14],"58":[1,14],"59":[1,0],"60":[1,0],"61":[2,15],"62":[0,15],"63":[2,15],"64":[1,1],"65":[2,0],"66":[2,0],"67":[1,1],"68":[2,0],"69":[2,0],"70":[2,0],"71":[1,13],"72":[1,0],"73":[0,1],"74":[1,0],"75":[1,0],"76":[1,0],"77":[4,0],"78":[4,0],"79":[4,0],"80":[4,0],"81":[2,1],"82":[2,0],"83":[2,0],"84":[1,2],"85":[1,0],"86":[2,0],"87":[2,0],"88":[2,0],"89":[2,0],"90":[2,0],"91":[2,0],"92":[11,0],"93":[3,8],"94":[3,0],"95":[0,3],"96":[0,0],"97":[11,0],"98":[12,0],"99":[1,11],"100":[1,0],"101":[0,1],"102":[0,0],"103":[12,0],"104":[0,12],"105":[0,0],"106":[0,0],"107":[12,0],"108":[12,0],"109":[9,13],"110":[13,9],"111":[12,1],"112":[1,21],"113":[0,1],"114":[66,324],"115":[0,324],"116":[0,66],"117":[0,66],"118":[2,0],"119":[2,0],"120":[0,0],"121":[2,0],"122":[2,0],"123":[0,0],"124":[2,0],"125":[2,0],"126":[2,0],"127":[2,0],"128":[0,2],"129":[0,0],"130":[0,0],"131":[0,0],"132":[0,0],"133":[0,0],"134":[12,2],"135":[12,1],"136":[14,0],"137":[2,12],"138":[0,12],"139":[2,12],"140":[2,0],"141":[12,0],"142":[1,11],"143":[0,11],"144":[1,11],"145":[1,0],"146":[13,0],"147":[1,12],"148":[0,12],"149":[1,12],"150":[1,0],"151":[12,0],"152":[0,12],"153":[0,12],"154":[0,12],"155":[0,0],"156":[18,0],"157":[9,9],"158":[0,9],"159":[9,9],"160":[9,0],"161":[14,0],"162":[9,5],"163":[0,5],"164":[9,5],"165":[9,0],"166":[5,0],"167":[3,2],"168":[0,2],"169":[3,2],"170":[3,0],"171":[17,0],"172":[5,12],"173":[0,12],"174":[5,12],"175":[5,0],"176":[5,0],"177":[5,0],"178":[0,0],"179":[5,0],"180":[5,0],"181":[4,0],"182":[4,0],"183":[0,0],"184":[4,0],"185":[4,0],"186":[4,0],"187":[4,0],"188":[0,0],"189":[4,0],"190":[4,0],"191":[82,0],"192":[29,53],"193":[0,53],"194":[29,53],"195":[83,29],"196":[0,29],"197":[29,53],"198":[29,53],"199":[29,0],"200":[13,0],"201":[12,1],"202":[0,1],"203":[12,1],"204":[4,12],"205":[0,12],"206":[12,1],"207":[12,1],"208":[12,0],"209":[44,0],"210":[7,37],"211":[0,37],"212":[7,37],"213":[7,0],"214":[37,7],"215":[37,0],"216":[1,36],"217":[0,36],"218":[1,36],"219":[1,0],"220":[9,0],"221":[9,9],"222":[0,0],"223":[0,0],"224":[0,0],"225":[0,0]},"f":{"1":1,"2":1,"3":0,"4":0,"5":0,"6":0,"7":0,"8":0,"9":0,"10":0,"11":0,"12":0,"13":0,"14":0,"15":0,"16":0,"17":0,"18":0,"19":0,"20":9,"21":9,"22":9,"23":2,"24":1,"25":1,"26":8,"27":1,"28":1,"29":1,"30":2,"31":1,"32":4,"33":2,"34":3,"35":2,"36":11,"37":3,"38":12,"39":1,"40":0,"41":12,"42":9,"43":12,"44":2,"45":2,"46":1,"47":1,"48":0,"49":9,"50":29,"51":12,"52":7,"53":1,"54":0,"55":0,"56":0,"57":0,"58":144,"59":45,"60":0,"61":0,"62":18,"63":0,"64":0,"65":0,"66":0,"67":0,"68":9,"69":26,"70":26,"71":17,"72":15,"73":17,"74":14,"75":4,"76":3,"77":2,"78":11,"79":12,"80":12,"81":22,"82":390,"83":2,"84":14,"85":13,"86":14,"87":12,"88":13,"89":12,"90":18,"91":14,"92":5,"93":17,"94":5,"95":4,"96":4,"97":82,"98":13,"99":44},"fnMap":{"1":{"name":"peg$subclass","line":9,"loc":{"start":{"line":9,"column":0},"end":{"line":9,"column":37}}},"2":{"name":"ctor","line":10,"loc":{"start":{"line":10,"column":2},"end":{"line":10,"column":18}}},"3":{"name":"peg$SyntaxError","line":15,"loc":{"start":{"line":15,"column":0},"end":{"line":15,"column":61}}},"4":{"name":"(anonymous_4)","line":29,"loc":{"start":{"line":29,"column":31},"end":{"line":29,"column":57}}},"5":{"name":"(anonymous_5)","line":31,"loc":{"start":{"line":31,"column":17},"end":{"line":31,"column":39}}},"6":{"name":"(anonymous_6)","line":35,"loc":{"start":{"line":35,"column":17},"end":{"line":35,"column":39}}},"7":{"name":"(anonymous_7)","line":48,"loc":{"start":{"line":48,"column":13},"end":{"line":48,"column":35}}},"8":{"name":"(anonymous_8)","line":52,"loc":{"start":{"line":52,"column":13},"end":{"line":52,"column":35}}},"9":{"name":"(anonymous_9)","line":56,"loc":{"start":{"line":56,"column":15},"end":{"line":56,"column":37}}},"10":{"name":"hex","line":61,"loc":{"start":{"line":61,"column":2},"end":{"line":61,"column":19}}},"11":{"name":"literalEscape","line":65,"loc":{"start":{"line":65,"column":2},"end":{"line":65,"column":28}}},"12":{"name":"(anonymous_12)","line":73,"loc":{"start":{"line":73,"column":40},"end":{"line":73,"column":53}}},"13":{"name":"(anonymous_13)","line":74,"loc":{"start":{"line":74,"column":40},"end":{"line":74,"column":53}}},"14":{"name":"classEscape","line":77,"loc":{"start":{"line":77,"column":2},"end":{"line":77,"column":26}}},"15":{"name":"(anonymous_15)","line":87,"loc":{"start":{"line":87,"column":40},"end":{"line":87,"column":53}}},"16":{"name":"(anonymous_16)","line":88,"loc":{"start":{"line":88,"column":40},"end":{"line":88,"column":53}}},"17":{"name":"describeExpectation","line":91,"loc":{"start":{"line":91,"column":2},"end":{"line":91,"column":44}}},"18":{"name":"describeExpected","line":95,"loc":{"start":{"line":95,"column":2},"end":{"line":95,"column":38}}},"19":{"name":"describeFound","line":129,"loc":{"start":{"line":129,"column":2},"end":{"line":129,"column":32}}},"20":{"name":"peg$parse","line":136,"loc":{"start":{"line":136,"column":0},"end":{"line":136,"column":35}}},"21":{"name":"(anonymous_21)","line":145,"loc":{"start":{"line":145,"column":15},"end":{"line":145,"column":27}}},"22":{"name":"(anonymous_22)","line":146,"loc":{"start":{"line":146,"column":15},"end":{"line":146,"column":27}}},"23":{"name":"(anonymous_23)","line":147,"loc":{"start":{"line":147,"column":15},"end":{"line":147,"column":27}}},"24":{"name":"(anonymous_24)","line":148,"loc":{"start":{"line":148,"column":15},"end":{"line":148,"column":27}}},"25":{"name":"(anonymous_25)","line":149,"loc":{"start":{"line":149,"column":15},"end":{"line":149,"column":27}}},"26":{"name":"(anonymous_26)","line":150,"loc":{"start":{"line":150,"column":15},"end":{"line":150,"column":34}}},"27":{"name":"(anonymous_27)","line":165,"loc":{"start":{"line":165,"column":15},"end":{"line":165,"column":37}}},"28":{"name":"(anonymous_28)","line":182,"loc":{"start":{"line":182,"column":16},"end":{"line":182,"column":31}}},"29":{"name":"(anonymous_29)","line":191,"loc":{"start":{"line":191,"column":16},"end":{"line":191,"column":31}}},"30":{"name":"(anonymous_30)","line":200,"loc":{"start":{"line":200,"column":16},"end":{"line":200,"column":35}}},"31":{"name":"(anonymous_31)","line":207,"loc":{"start":{"line":207,"column":16},"end":{"line":207,"column":32}}},"32":{"name":"(anonymous_32)","line":214,"loc":{"start":{"line":214,"column":16},"end":{"line":214,"column":28}}},"33":{"name":"(anonymous_33)","line":215,"loc":{"start":{"line":215,"column":16},"end":{"line":215,"column":32}}},"34":{"name":"(anonymous_34)","line":221,"loc":{"start":{"line":221,"column":55},"end":{"line":221,"column":69}}},"35":{"name":"(anonymous_35)","line":227,"loc":{"start":{"line":227,"column":16},"end":{"line":227,"column":34}}},"36":{"name":"(anonymous_36)","line":234,"loc":{"start":{"line":234,"column":16},"end":{"line":234,"column":31}}},"37":{"name":"(anonymous_37)","line":239,"loc":{"start":{"line":239,"column":55},"end":{"line":239,"column":69}}},"38":{"name":"(anonymous_38)","line":245,"loc":{"start":{"line":245,"column":16},"end":{"line":245,"column":32}}},"39":{"name":"(anonymous_39)","line":250,"loc":{"start":{"line":250,"column":52},"end":{"line":250,"column":66}}},"40":{"name":"(anonymous_40)","line":256,"loc":{"start":{"line":256,"column":16},"end":{"line":256,"column":28}}},"41":{"name":"(anonymous_41)","line":257,"loc":{"start":{"line":257,"column":16},"end":{"line":257,"column":28}}},"42":{"name":"(anonymous_42)","line":259,"loc":{"start":{"line":259,"column":16},"end":{"line":259,"column":29}}},"43":{"name":"(anonymous_43)","line":260,"loc":{"start":{"line":260,"column":16},"end":{"line":260,"column":28}}},"44":{"name":"(anonymous_44)","line":267,"loc":{"start":{"line":267,"column":16},"end":{"line":267,"column":28}}},"45":{"name":"(anonymous_45)","line":272,"loc":{"start":{"line":272,"column":16},"end":{"line":272,"column":27}}},"46":{"name":"(anonymous_46)","line":275,"loc":{"start":{"line":275,"column":16},"end":{"line":275,"column":27}}},"47":{"name":"(anonymous_47)","line":278,"loc":{"start":{"line":278,"column":16},"end":{"line":278,"column":27}}},"48":{"name":"(anonymous_48)","line":281,"loc":{"start":{"line":281,"column":16},"end":{"line":281,"column":27}}},"49":{"name":"(anonymous_49)","line":282,"loc":{"start":{"line":282,"column":16},"end":{"line":282,"column":27}}},"50":{"name":"(anonymous_50)","line":297,"loc":{"start":{"line":297,"column":16},"end":{"line":297,"column":29}}},"51":{"name":"(anonymous_51)","line":300,"loc":{"start":{"line":300,"column":16},"end":{"line":300,"column":33}}},"52":{"name":"(anonymous_52)","line":303,"loc":{"start":{"line":303,"column":16},"end":{"line":303,"column":28}}},"53":{"name":"(anonymous_53)","line":306,"loc":{"start":{"line":306,"column":16},"end":{"line":306,"column":28}}},"54":{"name":"text","line":325,"loc":{"start":{"line":325,"column":2},"end":{"line":325,"column":18}}},"55":{"name":"location","line":329,"loc":{"start":{"line":329,"column":2},"end":{"line":329,"column":22}}},"56":{"name":"expected","line":333,"loc":{"start":{"line":333,"column":2},"end":{"line":333,"column":43}}},"57":{"name":"error","line":343,"loc":{"start":{"line":343,"column":2},"end":{"line":343,"column":36}}},"58":{"name":"peg$literalExpectation","line":349,"loc":{"start":{"line":349,"column":2},"end":{"line":349,"column":52}}},"59":{"name":"peg$classExpectation","line":353,"loc":{"start":{"line":353,"column":2},"end":{"line":353,"column":61}}},"60":{"name":"peg$anyExpectation","line":357,"loc":{"start":{"line":357,"column":2},"end":{"line":357,"column":32}}},"61":{"name":"peg$endExpectation","line":361,"loc":{"start":{"line":361,"column":2},"end":{"line":361,"column":32}}},"62":{"name":"peg$otherExpectation","line":365,"loc":{"start":{"line":365,"column":2},"end":{"line":365,"column":45}}},"63":{"name":"peg$computePosDetails","line":369,"loc":{"start":{"line":369,"column":2},"end":{"line":369,"column":38}}},"64":{"name":"peg$computeLocation","line":402,"loc":{"start":{"line":402,"column":2},"end":{"line":402,"column":49}}},"65":{"name":"peg$fail","line":420,"loc":{"start":{"line":420,"column":2},"end":{"line":420,"column":30}}},"66":{"name":"peg$buildSimpleError","line":431,"loc":{"start":{"line":431,"column":2},"end":{"line":431,"column":51}}},"67":{"name":"peg$buildStructuredError","line":435,"loc":{"start":{"line":435,"column":2},"end":{"line":435,"column":63}}},"68":{"name":"peg$parsestart","line":444,"loc":{"start":{"line":444,"column":2},"end":{"line":444,"column":28}}},"69":{"name":"peg$parsestatement","line":473,"loc":{"start":{"line":473,"column":2},"end":{"line":473,"column":32}}},"70":{"name":"peg$parsedeclaration","line":523,"loc":{"start":{"line":523,"column":2},"end":{"line":523,"column":34}}},"71":{"name":"peg$parseconditional","line":611,"loc":{"start":{"line":611,"column":2},"end":{"line":611,"column":34}}},"72":{"name":"peg$parseloop","line":646,"loc":{"start":{"line":646,"column":2},"end":{"line":646,"column":27}}},"73":{"name":"peg$parsefunction","line":681,"loc":{"start":{"line":681,"column":2},"end":{"line":681,"column":31}}},"74":{"name":"peg$parsecall","line":740,"loc":{"start":{"line":740,"column":2},"end":{"line":740,"column":27}}},"75":{"name":"peg$parseblock","line":784,"loc":{"start":{"line":784,"column":2},"end":{"line":784,"column":28}}},"76":{"name":"peg$parseparameters","line":822,"loc":{"start":{"line":822,"column":2},"end":{"line":822,"column":33}}},"77":{"name":"peg$parsecondition","line":878,"loc":{"start":{"line":878,"column":2},"end":{"line":878,"column":32}}},"78":{"name":"peg$parseexpression","line":919,"loc":{"start":{"line":919,"column":2},"end":{"line":919,"column":33}}},"79":{"name":"peg$parseterm","line":975,"loc":{"start":{"line":975,"column":2},"end":{"line":975,"column":27}}},"80":{"name":"peg$parsefactor","line":1031,"loc":{"start":{"line":1031,"column":2},"end":{"line":1031,"column":29}}},"81":{"name":"peg$parseprimary","line":1069,"loc":{"start":{"line":1069,"column":2},"end":{"line":1069,"column":30}}},"82":{"name":"peg$parse_","line":1098,"loc":{"start":{"line":1098,"column":2},"end":{"line":1098,"column":24}}},"83":{"name":"peg$parseCOMP","line":1123,"loc":{"start":{"line":1123,"column":2},"end":{"line":1123,"column":27}}},"84":{"name":"peg$parseADDOP","line":1214,"loc":{"start":{"line":1214,"column":2},"end":{"line":1214,"column":28}}},"85":{"name":"peg$parseMULOP","line":1225,"loc":{"start":{"line":1225,"column":2},"end":{"line":1225,"column":28}}},"86":{"name":"peg$parsePLUS","line":1236,"loc":{"start":{"line":1236,"column":2},"end":{"line":1236,"column":27}}},"87":{"name":"peg$parseMINUS","line":1271,"loc":{"start":{"line":1271,"column":2},"end":{"line":1271,"column":28}}},"88":{"name":"peg$parseMUL","line":1306,"loc":{"start":{"line":1306,"column":2},"end":{"line":1306,"column":26}}},"89":{"name":"peg$parseDIV","line":1341,"loc":{"start":{"line":1341,"column":2},"end":{"line":1341,"column":26}}},"90":{"name":"peg$parseASSIGN","line":1376,"loc":{"start":{"line":1376,"column":2},"end":{"line":1376,"column":29}}},"91":{"name":"peg$parseSEMICOLON","line":1411,"loc":{"start":{"line":1411,"column":2},"end":{"line":1411,"column":32}}},"92":{"name":"peg$parseCOMMA","line":1445,"loc":{"start":{"line":1445,"column":2},"end":{"line":1445,"column":28}}},"93":{"name":"peg$parseLEFTPAR","line":1479,"loc":{"start":{"line":1479,"column":2},"end":{"line":1479,"column":30}}},"94":{"name":"peg$parseRIGHTPAR","line":1513,"loc":{"start":{"line":1513,"column":2},"end":{"line":1513,"column":31}}},"95":{"name":"peg$parseLEFTBRACE","line":1547,"loc":{"start":{"line":1547,"column":2},"end":{"line":1547,"column":32}}},"96":{"name":"peg$parseRIGHTBRACE","line":1581,"loc":{"start":{"line":1581,"column":2},"end":{"line":1581,"column":33}}},"97":{"name":"peg$parseID","line":1615,"loc":{"start":{"line":1615,"column":2},"end":{"line":1615,"column":25}}},"98":{"name":"peg$parseNUM","line":1671,"loc":{"start":{"line":1671,"column":2},"end":{"line":1671,"column":26}}},"99":{"name":"peg$parseDECLARE","line":1727,"loc":{"start":{"line":1727,"column":2},"end":{"line":1727,"column":30}}}},"statementMap":{"1":{"start":{"line":9,"column":0},"end":{"line":13,"column":1}},"2":{"start":{"line":10,"column":2},"end":{"line":10,"column":47}},"3":{"start":{"line":10,"column":20},"end":{"line":10,"column":45}},"4":{"start":{"line":11,"column":2},"end":{"line":11,"column":36}},"5":{"start":{"line":12,"column":2},"end":{"line":12,"column":31}},"6":{"start":{"line":15,"column":0},"end":{"line":25,"column":1}},"7":{"start":{"line":16,"column":2},"end":{"line":16,"column":26}},"8":{"start":{"line":17,"column":2},"end":{"line":17,"column":27}},"9":{"start":{"line":18,"column":2},"end":{"line":18,"column":24}},"10":{"start":{"line":19,"column":2},"end":{"line":19,"column":27}},"11":{"start":{"line":20,"column":2},"end":{"line":20,"column":32}},"12":{"start":{"line":22,"column":2},"end":{"line":24,"column":3}},"13":{"start":{"line":23,"column":4},"end":{"line":23,"column":51}},"14":{"start":{"line":27,"column":0},"end":{"line":27,"column":37}},"15":{"start":{"line":29,"column":0},"end":{"line":134,"column":2}},"16":{"start":{"line":30,"column":2},"end":{"line":59,"column":8}},"17":{"start":{"line":32,"column":10},"end":{"line":32,"column":63}},"18":{"start":{"line":36,"column":10},"end":{"line":37,"column":16}},"19":{"start":{"line":39,"column":10},"end":{"line":43,"column":11}},"20":{"start":{"line":40,"column":12},"end":{"line":42,"column":50}},"21":{"start":{"line":45,"column":10},"end":{"line":45,"column":78}},"22":{"start":{"line":49,"column":10},"end":{"line":49,"column":33}},"23":{"start":{"line":53,"column":10},"end":{"line":53,"column":32}},"24":{"start":{"line":57,"column":10},"end":{"line":57,"column":41}},"25":{"start":{"line":61,"column":2},"end":{"line":63,"column":3}},"26":{"start":{"line":62,"column":4},"end":{"line":62,"column":55}},"27":{"start":{"line":65,"column":2},"end":{"line":75,"column":3}},"28":{"start":{"line":66,"column":4},"end":{"line":74,"column":83}},"29":{"start":{"line":73,"column":55},"end":{"line":73,"column":79}},"30":{"start":{"line":74,"column":55},"end":{"line":74,"column":79}},"31":{"start":{"line":77,"column":2},"end":{"line":89,"column":3}},"32":{"start":{"line":78,"column":4},"end":{"line":88,"column":83}},"33":{"start":{"line":87,"column":55},"end":{"line":87,"column":79}},"34":{"start":{"line":88,"column":55},"end":{"line":88,"column":79}},"35":{"start":{"line":91,"column":2},"end":{"line":93,"column":3}},"36":{"start":{"line":92,"column":4},"end":{"line":92,"column":67}},"37":{"start":{"line":95,"column":2},"end":{"line":127,"column":3}},"38":{"start":{"line":96,"column":4},"end":{"line":97,"column":13}},"39":{"start":{"line":99,"column":4},"end":{"line":101,"column":5}},"40":{"start":{"line":100,"column":6},"end":{"line":100,"column":57}},"41":{"start":{"line":103,"column":4},"end":{"line":103,"column":24}},"42":{"start":{"line":105,"column":4},"end":{"line":113,"column":5}},"43":{"start":{"line":106,"column":6},"end":{"line":111,"column":7}},"44":{"start":{"line":107,"column":8},"end":{"line":110,"column":9}},"45":{"start":{"line":108,"column":10},"end":{"line":108,"column":44}},"46":{"start":{"line":109,"column":10},"end":{"line":109,"column":14}},"47":{"start":{"line":112,"column":6},"end":{"line":112,"column":30}},"48":{"start":{"line":115,"column":4},"end":{"line":126,"column":5}},"49":{"start":{"line":117,"column":8},"end":{"line":117,"column":31}},"50":{"start":{"line":120,"column":8},"end":{"line":120,"column":58}},"51":{"start":{"line":123,"column":8},"end":{"line":125,"column":50}},"52":{"start":{"line":129,"column":2},"end":{"line":131,"column":3}},"53":{"start":{"line":130,"column":4},"end":{"line":130,"column":71}},"54":{"start":{"line":133,"column":2},"end":{"line":133,"column":95}},"55":{"start":{"line":136,"column":0},"end":{"line":1817,"column":1}},"56":{"start":{"line":137,"column":2},"end":{"line":137,"column":46}},"57":{"start":{"line":139,"column":2},"end":{"line":315,"column":17}},"58":{"start":{"line":145,"column":29},"end":{"line":145,"column":38}},"59":{"start":{"line":146,"column":28},"end":{"line":146,"column":37}},"60":{"start":{"line":147,"column":28},"end":{"line":147,"column":37}},"61":{"start":{"line":148,"column":28},"end":{"line":148,"column":37}},"62":{"start":{"line":149,"column":28},"end":{"line":149,"column":37}},"63":{"start":{"line":151,"column":62},"end":{"line":163,"column":63}},"64":{"start":{"line":152,"column":64},"end":{"line":156,"column":65}},"65":{"start":{"line":158,"column":64},"end":{"line":162,"column":65}},"66":{"start":{"line":166,"column":50},"end":{"line":178,"column":51}},"67":{"start":{"line":167,"column":52},"end":{"line":171,"column":53}},"68":{"start":{"line":173,"column":52},"end":{"line":177,"column":53}},"69":{"start":{"line":183,"column":38},"end":{"line":187,"column":40}},"70":{"start":{"line":192,"column":38},"end":{"line":196,"column":40}},"71":{"start":{"line":201,"column":70},"end":{"line":205,"column":80}},"72":{"start":{"line":208,"column":60},"end":{"line":212,"column":69}},"73":{"start":{"line":214,"column":30},"end":{"line":214,"column":69}},"74":{"start":{"line":216,"column":42},"end":{"line":225,"column":43}},"75":{"start":{"line":217,"column":44},"end":{"line":217,"column":53}},"76":{"start":{"line":219,"column":44},"end":{"line":219,"column":60}},"77":{"start":{"line":220,"column":44},"end":{"line":220,"column":59}},"78":{"start":{"line":221,"column":44},"end":{"line":223,"column":47}},"79":{"start":{"line":222,"column":46},"end":{"line":222,"column":67}},"80":{"start":{"line":224,"column":43},"end":{"line":224,"column":57}},"81":{"start":{"line":228,"column":56},"end":{"line":232,"column":58}},"82":{"start":{"line":235,"column":43},"end":{"line":243,"column":44}},"83":{"start":{"line":236,"column":45},"end":{"line":236,"column":54}},"84":{"start":{"line":238,"column":45},"end":{"line":238,"column":58}},"85":{"start":{"line":239,"column":45},"end":{"line":241,"column":48}},"86":{"start":{"line":240,"column":47},"end":{"line":240,"column":97}},"87":{"start":{"line":242,"column":45},"end":{"line":242,"column":56}},"88":{"start":{"line":246,"column":39},"end":{"line":254,"column":40}},"89":{"start":{"line":247,"column":41},"end":{"line":247,"column":50}},"90":{"start":{"line":249,"column":41},"end":{"line":249,"column":54}},"91":{"start":{"line":250,"column":41},"end":{"line":252,"column":44}},"92":{"start":{"line":251,"column":43},"end":{"line":251,"column":93}},"93":{"start":{"line":253,"column":41},"end":{"line":253,"column":52}},"94":{"start":{"line":256,"column":29},"end":{"line":256,"column":38}},"95":{"start":{"line":257,"column":29},"end":{"line":257,"column":38}},"96":{"start":{"line":259,"column":31},"end":{"line":259,"column":41}},"97":{"start":{"line":260,"column":30},"end":{"line":260,"column":39}},"98":{"start":{"line":267,"column":30},"end":{"line":267,"column":39}},"99":{"start":{"line":272,"column":29},"end":{"line":272,"column":40}},"100":{"start":{"line":275,"column":29},"end":{"line":275,"column":40}},"101":{"start":{"line":278,"column":29},"end":{"line":278,"column":40}},"102":{"start":{"line":281,"column":29},"end":{"line":281,"column":40}},"103":{"start":{"line":282,"column":29},"end":{"line":282,"column":40}},"104":{"start":{"line":297,"column":31},"end":{"line":297,"column":68}},"105":{"start":{"line":300,"column":35},"end":{"line":300,"column":91}},"106":{"start":{"line":303,"column":30},"end":{"line":303,"column":39}},"107":{"start":{"line":306,"column":30},"end":{"line":306,"column":39}},"108":{"start":{"line":317,"column":2},"end":{"line":323,"column":3}},"109":{"start":{"line":318,"column":4},"end":{"line":320,"column":5}},"110":{"start":{"line":319,"column":6},"end":{"line":319,"column":86}},"111":{"start":{"line":322,"column":4},"end":{"line":322,"column":70}},"112":{"start":{"line":325,"column":2},"end":{"line":327,"column":3}},"113":{"start":{"line":326,"column":4},"end":{"line":326,"column":54}},"114":{"start":{"line":329,"column":2},"end":{"line":331,"column":3}},"115":{"start":{"line":330,"column":4},"end":{"line":330,"column":58}},"116":{"start":{"line":333,"column":2},"end":{"line":341,"column":3}},"117":{"start":{"line":334,"column":4},"end":{"line":334,"column":94}},"118":{"start":{"line":336,"column":4},"end":{"line":340,"column":6}},"119":{"start":{"line":343,"column":2},"end":{"line":347,"column":3}},"120":{"start":{"line":344,"column":4},"end":{"line":344,"column":94}},"121":{"start":{"line":346,"column":4},"end":{"line":346,"column":50}},"122":{"start":{"line":349,"column":2},"end":{"line":351,"column":3}},"123":{"start":{"line":350,"column":4},"end":{"line":350,"column":67}},"124":{"start":{"line":353,"column":2},"end":{"line":355,"column":3}},"125":{"start":{"line":354,"column":4},"end":{"line":354,"column":87}},"126":{"start":{"line":357,"column":2},"end":{"line":359,"column":3}},"127":{"start":{"line":358,"column":4},"end":{"line":358,"column":27}},"128":{"start":{"line":361,"column":2},"end":{"line":363,"column":3}},"129":{"start":{"line":362,"column":4},"end":{"line":362,"column":27}},"130":{"start":{"line":365,"column":2},"end":{"line":367,"column":3}},"131":{"start":{"line":366,"column":4},"end":{"line":366,"column":55}},"132":{"start":{"line":369,"column":2},"end":{"line":400,"column":3}},"133":{"start":{"line":370,"column":4},"end":{"line":370,"column":46}},"134":{"start":{"line":372,"column":4},"end":{"line":399,"column":5}},"135":{"start":{"line":373,"column":6},"end":{"line":373,"column":21}},"136":{"start":{"line":375,"column":6},"end":{"line":375,"column":18}},"137":{"start":{"line":376,"column":6},"end":{"line":378,"column":7}},"138":{"start":{"line":377,"column":8},"end":{"line":377,"column":12}},"139":{"start":{"line":380,"column":6},"end":{"line":380,"column":39}},"140":{"start":{"line":381,"column":6},"end":{"line":384,"column":8}},"141":{"start":{"line":386,"column":6},"end":{"line":395,"column":7}},"142":{"start":{"line":387,"column":8},"end":{"line":392,"column":9}},"143":{"start":{"line":388,"column":10},"end":{"line":388,"column":25}},"144":{"start":{"line":389,"column":10},"end":{"line":389,"column":29}},"145":{"start":{"line":391,"column":10},"end":{"line":391,"column":27}},"146":{"start":{"line":394,"column":8},"end":{"line":394,"column":12}},"147":{"start":{"line":397,"column":6},"end":{"line":397,"column":41}},"148":{"start":{"line":398,"column":6},"end":{"line":398,"column":21}},"149":{"start":{"line":402,"column":2},"end":{"line":418,"column":3}},"150":{"start":{"line":403,"column":4},"end":{"line":404,"column":56}},"151":{"start":{"line":406,"column":4},"end":{"line":417,"column":6}},"152":{"start":{"line":420,"column":2},"end":{"line":429,"column":3}},"153":{"start":{"line":421,"column":4},"end":{"line":421,"column":49}},"154":{"start":{"line":421,"column":40},"end":{"line":421,"column":47}},"155":{"start":{"line":423,"column":4},"end":{"line":426,"column":5}},"156":{"start":{"line":424,"column":6},"end":{"line":424,"column":35}},"157":{"start":{"line":425,"column":6},"end":{"line":425,"column":31}},"158":{"start":{"line":428,"column":4},"end":{"line":428,"column":39}},"159":{"start":{"line":431,"column":2},"end":{"line":433,"column":3}},"160":{"start":{"line":432,"column":4},"end":{"line":432,"column":62}},"161":{"start":{"line":435,"column":2},"end":{"line":442,"column":3}},"162":{"start":{"line":436,"column":4},"end":{"line":441,"column":6}},"163":{"start":{"line":444,"column":2},"end":{"line":471,"column":3}},"164":{"start":{"line":445,"column":4},"end":{"line":445,"column":19}},"165":{"start":{"line":447,"column":4},"end":{"line":447,"column":22}},"166":{"start":{"line":448,"column":4},"end":{"line":448,"column":21}},"167":{"start":{"line":449,"column":4},"end":{"line":449,"column":12}},"168":{"start":{"line":450,"column":4},"end":{"line":450,"column":30}},"169":{"start":{"line":451,"column":4},"end":{"line":458,"column":5}},"170":{"start":{"line":452,"column":6},"end":{"line":455,"column":7}},"171":{"start":{"line":453,"column":8},"end":{"line":453,"column":20}},"172":{"start":{"line":454,"column":8},"end":{"line":454,"column":34}},"173":{"start":{"line":457,"column":6},"end":{"line":457,"column":22}},"174":{"start":{"line":459,"column":4},"end":{"line":462,"column":5}},"175":{"start":{"line":460,"column":6},"end":{"line":460,"column":24}},"176":{"start":{"line":461,"column":6},"end":{"line":461,"column":22}},"177":{"start":{"line":463,"column":4},"end":{"line":463,"column":12}},"178":{"start":{"line":464,"column":4},"end":{"line":464,"column":22}},"179":{"start":{"line":465,"column":4},"end":{"line":468,"column":5}},"180":{"start":{"line":466,"column":6},"end":{"line":466,"column":22}},"181":{"start":{"line":467,"column":6},"end":{"line":467,"column":54}},"182":{"start":{"line":467,"column":35},"end":{"line":467,"column":52}},"183":{"start":{"line":470,"column":4},"end":{"line":470,"column":14}},"184":{"start":{"line":473,"column":2},"end":{"line":521,"column":3}},"185":{"start":{"line":474,"column":4},"end":{"line":474,"column":15}},"186":{"start":{"line":476,"column":4},"end":{"line":476,"column":21}},"187":{"start":{"line":477,"column":4},"end":{"line":477,"column":32}},"188":{"start":{"line":478,"column":4},"end":{"line":481,"column":5}},"189":{"start":{"line":479,"column":6},"end":{"line":479,"column":24}},"190":{"start":{"line":480,"column":6},"end":{"line":480,"column":22}},"191":{"start":{"line":482,"column":4},"end":{"line":482,"column":12}},"192":{"start":{"line":483,"column":4},"end":{"line":518,"column":5}},"193":{"start":{"line":484,"column":6},"end":{"line":484,"column":23}},"194":{"start":{"line":485,"column":6},"end":{"line":485,"column":34}},"195":{"start":{"line":486,"column":6},"end":{"line":489,"column":7}},"196":{"start":{"line":487,"column":8},"end":{"line":487,"column":26}},"197":{"start":{"line":488,"column":8},"end":{"line":488,"column":24}},"198":{"start":{"line":490,"column":6},"end":{"line":490,"column":14}},"199":{"start":{"line":491,"column":6},"end":{"line":517,"column":7}},"200":{"start":{"line":492,"column":8},"end":{"line":492,"column":25}},"201":{"start":{"line":493,"column":8},"end":{"line":493,"column":33}},"202":{"start":{"line":494,"column":8},"end":{"line":497,"column":9}},"203":{"start":{"line":495,"column":10},"end":{"line":495,"column":28}},"204":{"start":{"line":496,"column":10},"end":{"line":496,"column":26}},"205":{"start":{"line":498,"column":8},"end":{"line":498,"column":16}},"206":{"start":{"line":499,"column":8},"end":{"line":516,"column":9}},"207":{"start":{"line":500,"column":10},"end":{"line":500,"column":27}},"208":{"start":{"line":501,"column":10},"end":{"line":501,"column":31}},"209":{"start":{"line":502,"column":10},"end":{"line":505,"column":11}},"210":{"start":{"line":503,"column":12},"end":{"line":503,"column":30}},"211":{"start":{"line":504,"column":12},"end":{"line":504,"column":28}},"212":{"start":{"line":506,"column":10},"end":{"line":506,"column":18}},"213":{"start":{"line":507,"column":10},"end":{"line":515,"column":11}},"214":{"start":{"line":508,"column":12},"end":{"line":508,"column":29}},"215":{"start":{"line":509,"column":12},"end":{"line":509,"column":33}},"216":{"start":{"line":510,"column":12},"end":{"line":513,"column":13}},"217":{"start":{"line":511,"column":14},"end":{"line":511,"column":32}},"218":{"start":{"line":512,"column":14},"end":{"line":512,"column":30}},"219":{"start":{"line":514,"column":12},"end":{"line":514,"column":20}},"220":{"start":{"line":520,"column":4},"end":{"line":520,"column":14}},"221":{"start":{"line":523,"column":2},"end":{"line":609,"column":3}},"222":{"start":{"line":524,"column":4},"end":{"line":524,"column":31}},"223":{"start":{"line":526,"column":4},"end":{"line":526,"column":21}},"224":{"start":{"line":527,"column":4},"end":{"line":527,"column":28}},"225":{"start":{"line":528,"column":4},"end":{"line":530,"column":5}},"226":{"start":{"line":529,"column":6},"end":{"line":529,"column":16}},"227":{"start":{"line":531,"column":4},"end":{"line":573,"column":5}},"228":{"start":{"line":532,"column":6},"end":{"line":532,"column":25}},"229":{"start":{"line":533,"column":6},"end":{"line":569,"column":7}},"230":{"start":{"line":534,"column":8},"end":{"line":534,"column":25}},"231":{"start":{"line":535,"column":8},"end":{"line":535,"column":31}},"232":{"start":{"line":536,"column":8},"end":{"line":548,"column":9}},"233":{"start":{"line":537,"column":10},"end":{"line":537,"column":37}},"234":{"start":{"line":538,"column":10},"end":{"line":544,"column":11}},"235":{"start":{"line":539,"column":12},"end":{"line":539,"column":26}},"236":{"start":{"line":540,"column":12},"end":{"line":540,"column":20}},"237":{"start":{"line":542,"column":12},"end":{"line":542,"column":29}},"238":{"start":{"line":543,"column":12},"end":{"line":543,"column":28}},"239":{"start":{"line":546,"column":10},"end":{"line":546,"column":27}},"240":{"start":{"line":547,"column":10},"end":{"line":547,"column":26}},"241":{"start":{"line":549,"column":8},"end":{"line":551,"column":9}},"242":{"start":{"line":550,"column":10},"end":{"line":550,"column":20}},"243":{"start":{"line":552,"column":8},"end":{"line":565,"column":9}},"244":{"start":{"line":553,"column":10},"end":{"line":553,"column":36}},"245":{"start":{"line":554,"column":10},"end":{"line":561,"column":11}},"246":{"start":{"line":555,"column":12},"end":{"line":555,"column":30}},"247":{"start":{"line":556,"column":12},"end":{"line":556,"column":36}},"248":{"start":{"line":557,"column":12},"end":{"line":557,"column":20}},"249":{"start":{"line":559,"column":12},"end":{"line":559,"column":29}},"250":{"start":{"line":560,"column":12},"end":{"line":560,"column":28}},"251":{"start":{"line":563,"column":10},"end":{"line":563,"column":27}},"252":{"start":{"line":564,"column":10},"end":{"line":564,"column":26}},"253":{"start":{"line":567,"column":8},"end":{"line":567,"column":25}},"254":{"start":{"line":568,"column":8},"end":{"line":568,"column":24}},"255":{"start":{"line":571,"column":6},"end":{"line":571,"column":23}},"256":{"start":{"line":572,"column":6},"end":{"line":572,"column":22}},"257":{"start":{"line":574,"column":4},"end":{"line":606,"column":5}},"258":{"start":{"line":575,"column":6},"end":{"line":575,"column":23}},"259":{"start":{"line":576,"column":6},"end":{"line":576,"column":30}},"260":{"start":{"line":577,"column":6},"end":{"line":579,"column":7}},"261":{"start":{"line":578,"column":8},"end":{"line":578,"column":18}},"262":{"start":{"line":580,"column":6},"end":{"line":605,"column":7}},"263":{"start":{"line":581,"column":8},"end":{"line":581,"column":27}},"264":{"start":{"line":582,"column":8},"end":{"line":601,"column":9}},"265":{"start":{"line":583,"column":10},"end":{"line":583,"column":33}},"266":{"start":{"line":584,"column":10},"end":{"line":597,"column":11}},"267":{"start":{"line":585,"column":12},"end":{"line":585,"column":37}},"268":{"start":{"line":586,"column":12},"end":{"line":593,"column":13}},"269":{"start":{"line":587,"column":14},"end":{"line":587,"column":32}},"270":{"start":{"line":588,"column":14},"end":{"line":588,"column":42}},"271":{"start":{"line":589,"column":14},"end":{"line":589,"column":22}},"272":{"start":{"line":591,"column":14},"end":{"line":591,"column":31}},"273":{"start":{"line":592,"column":14},"end":{"line":592,"column":30}},"274":{"start":{"line":595,"column":12},"end":{"line":595,"column":29}},"275":{"start":{"line":596,"column":12},"end":{"line":596,"column":28}},"276":{"start":{"line":599,"column":10},"end":{"line":599,"column":27}},"277":{"start":{"line":600,"column":10},"end":{"line":600,"column":26}},"278":{"start":{"line":603,"column":8},"end":{"line":603,"column":25}},"279":{"start":{"line":604,"column":8},"end":{"line":604,"column":24}},"280":{"start":{"line":608,"column":4},"end":{"line":608,"column":14}},"281":{"start":{"line":611,"column":2},"end":{"line":644,"column":3}},"282":{"start":{"line":612,"column":4},"end":{"line":612,"column":23}},"283":{"start":{"line":614,"column":4},"end":{"line":614,"column":21}},"284":{"start":{"line":615,"column":4},"end":{"line":621,"column":5}},"285":{"start":{"line":616,"column":6},"end":{"line":616,"column":40}},"286":{"start":{"line":617,"column":6},"end":{"line":617,"column":23}},"287":{"start":{"line":619,"column":6},"end":{"line":619,"column":22}},"288":{"start":{"line":620,"column":6},"end":{"line":620,"column":54}},"289":{"start":{"line":620,"column":35},"end":{"line":620,"column":52}},"290":{"start":{"line":622,"column":4},"end":{"line":641,"column":5}},"291":{"start":{"line":623,"column":6},"end":{"line":623,"column":32}},"292":{"start":{"line":624,"column":6},"end":{"line":637,"column":7}},"293":{"start":{"line":625,"column":8},"end":{"line":625,"column":30}},"294":{"start":{"line":626,"column":8},"end":{"line":633,"column":9}},"295":{"start":{"line":627,"column":10},"end":{"line":627,"column":28}},"296":{"start":{"line":628,"column":10},"end":{"line":628,"column":31}},"297":{"start":{"line":629,"column":10},"end":{"line":629,"column":18}},"298":{"start":{"line":631,"column":10},"end":{"line":631,"column":27}},"299":{"start":{"line":632,"column":10},"end":{"line":632,"column":26}},"300":{"start":{"line":635,"column":8},"end":{"line":635,"column":25}},"301":{"start":{"line":636,"column":8},"end":{"line":636,"column":24}},"302":{"start":{"line":639,"column":6},"end":{"line":639,"column":23}},"303":{"start":{"line":640,"column":6},"end":{"line":640,"column":22}},"304":{"start":{"line":643,"column":4},"end":{"line":643,"column":14}},"305":{"start":{"line":646,"column":2},"end":{"line":679,"column":3}},"306":{"start":{"line":647,"column":4},"end":{"line":647,"column":23}},"307":{"start":{"line":649,"column":4},"end":{"line":649,"column":21}},"308":{"start":{"line":650,"column":4},"end":{"line":656,"column":5}},"309":{"start":{"line":651,"column":6},"end":{"line":651,"column":40}},"310":{"start":{"line":652,"column":6},"end":{"line":652,"column":23}},"311":{"start":{"line":654,"column":6},"end":{"line":654,"column":22}},"312":{"start":{"line":655,"column":6},"end":{"line":655,"column":55}},"313":{"start":{"line":655,"column":35},"end":{"line":655,"column":53}},"314":{"start":{"line":657,"column":4},"end":{"line":676,"column":5}},"315":{"start":{"line":658,"column":6},"end":{"line":658,"column":32}},"316":{"start":{"line":659,"column":6},"end":{"line":672,"column":7}},"317":{"start":{"line":660,"column":8},"end":{"line":660,"column":30}},"318":{"start":{"line":661,"column":8},"end":{"line":668,"column":9}},"319":{"start":{"line":662,"column":10},"end":{"line":662,"column":28}},"320":{"start":{"line":663,"column":10},"end":{"line":663,"column":31}},"321":{"start":{"line":664,"column":10},"end":{"line":664,"column":18}},"322":{"start":{"line":666,"column":10},"end":{"line":666,"column":27}},"323":{"start":{"line":667,"column":10},"end":{"line":667,"column":26}},"324":{"start":{"line":670,"column":8},"end":{"line":670,"column":25}},"325":{"start":{"line":671,"column":8},"end":{"line":671,"column":24}},"326":{"start":{"line":674,"column":6},"end":{"line":674,"column":23}},"327":{"start":{"line":675,"column":6},"end":{"line":675,"column":22}},"328":{"start":{"line":678,"column":4},"end":{"line":678,"column":14}},"329":{"start":{"line":681,"column":2},"end":{"line":738,"column":3}},"330":{"start":{"line":682,"column":4},"end":{"line":682,"column":35}},"331":{"start":{"line":684,"column":4},"end":{"line":684,"column":21}},"332":{"start":{"line":685,"column":4},"end":{"line":691,"column":5}},"333":{"start":{"line":686,"column":6},"end":{"line":686,"column":40}},"334":{"start":{"line":687,"column":6},"end":{"line":687,"column":23}},"335":{"start":{"line":689,"column":6},"end":{"line":689,"column":22}},"336":{"start":{"line":690,"column":6},"end":{"line":690,"column":55}},"337":{"start":{"line":690,"column":35},"end":{"line":690,"column":53}},"338":{"start":{"line":692,"column":4},"end":{"line":735,"column":5}},"339":{"start":{"line":693,"column":6},"end":{"line":693,"column":25}},"340":{"start":{"line":694,"column":6},"end":{"line":696,"column":7}},"341":{"start":{"line":695,"column":8},"end":{"line":695,"column":18}},"342":{"start":{"line":697,"column":6},"end":{"line":731,"column":7}},"343":{"start":{"line":698,"column":8},"end":{"line":698,"column":32}},"344":{"start":{"line":699,"column":8},"end":{"line":727,"column":9}},"345":{"start":{"line":700,"column":10},"end":{"line":700,"column":37}},"346":{"start":{"line":701,"column":10},"end":{"line":703,"column":11}},"347":{"start":{"line":702,"column":12},"end":{"line":702,"column":22}},"348":{"start":{"line":704,"column":10},"end":{"line":723,"column":11}},"349":{"start":{"line":705,"column":12},"end":{"line":705,"column":37}},"350":{"start":{"line":706,"column":12},"end":{"line":719,"column":13}},"351":{"start":{"line":707,"column":14},"end":{"line":707,"column":36}},"352":{"start":{"line":708,"column":14},"end":{"line":715,"column":15}},"353":{"start":{"line":709,"column":16},"end":{"line":709,"column":34}},"354":{"start":{"line":710,"column":16},"end":{"line":710,"column":41}},"355":{"start":{"line":711,"column":16},"end":{"line":711,"column":24}},"356":{"start":{"line":713,"column":16},"end":{"line":713,"column":33}},"357":{"start":{"line":714,"column":16},"end":{"line":714,"column":32}},"358":{"start":{"line":717,"column":14},"end":{"line":717,"column":31}},"359":{"start":{"line":718,"column":14},"end":{"line":718,"column":30}},"360":{"start":{"line":721,"column":12},"end":{"line":721,"column":29}},"361":{"start":{"line":722,"column":12},"end":{"line":722,"column":28}},"362":{"start":{"line":725,"column":10},"end":{"line":725,"column":27}},"363":{"start":{"line":726,"column":10},"end":{"line":726,"column":26}},"364":{"start":{"line":729,"column":8},"end":{"line":729,"column":25}},"365":{"start":{"line":730,"column":8},"end":{"line":730,"column":24}},"366":{"start":{"line":733,"column":6},"end":{"line":733,"column":23}},"367":{"start":{"line":734,"column":6},"end":{"line":734,"column":22}},"368":{"start":{"line":737,"column":4},"end":{"line":737,"column":14}},"369":{"start":{"line":740,"column":2},"end":{"line":782,"column":3}},"370":{"start":{"line":741,"column":4},"end":{"line":741,"column":31}},"371":{"start":{"line":743,"column":4},"end":{"line":743,"column":21}},"372":{"start":{"line":744,"column":4},"end":{"line":744,"column":23}},"373":{"start":{"line":745,"column":4},"end":{"line":779,"column":5}},"374":{"start":{"line":746,"column":6},"end":{"line":746,"column":30}},"375":{"start":{"line":747,"column":6},"end":{"line":775,"column":7}},"376":{"start":{"line":748,"column":8},"end":{"line":748,"column":35}},"377":{"start":{"line":749,"column":8},"end":{"line":751,"column":9}},"378":{"start":{"line":750,"column":10},"end":{"line":750,"column":20}},"379":{"start":{"line":752,"column":8},"end":{"line":771,"column":9}},"380":{"start":{"line":753,"column":10},"end":{"line":753,"column":35}},"381":{"start":{"line":754,"column":10},"end":{"line":767,"column":11}},"382":{"start":{"line":755,"column":12},"end":{"line":755,"column":38}},"383":{"start":{"line":756,"column":12},"end":{"line":763,"column":13}},"384":{"start":{"line":757,"column":14},"end":{"line":757,"column":32}},"385":{"start":{"line":758,"column":14},"end":{"line":758,"column":35}},"386":{"start":{"line":759,"column":14},"end":{"line":759,"column":22}},"387":{"start":{"line":761,"column":14},"end":{"line":761,"column":31}},"388":{"start":{"line":762,"column":14},"end":{"line":762,"column":30}},"389":{"start":{"line":765,"column":12},"end":{"line":765,"column":29}},"390":{"start":{"line":766,"column":12},"end":{"line":766,"column":28}},"391":{"start":{"line":769,"column":10},"end":{"line":769,"column":27}},"392":{"start":{"line":770,"column":10},"end":{"line":770,"column":26}},"393":{"start":{"line":773,"column":8},"end":{"line":773,"column":25}},"394":{"start":{"line":774,"column":8},"end":{"line":774,"column":24}},"395":{"start":{"line":777,"column":6},"end":{"line":777,"column":23}},"396":{"start":{"line":778,"column":6},"end":{"line":778,"column":22}},"397":{"start":{"line":781,"column":4},"end":{"line":781,"column":14}},"398":{"start":{"line":784,"column":2},"end":{"line":820,"column":3}},"399":{"start":{"line":785,"column":4},"end":{"line":785,"column":23}},"400":{"start":{"line":787,"column":4},"end":{"line":787,"column":21}},"401":{"start":{"line":788,"column":4},"end":{"line":788,"column":30}},"402":{"start":{"line":789,"column":4},"end":{"line":817,"column":5}},"403":{"start":{"line":790,"column":6},"end":{"line":790,"column":14}},"404":{"start":{"line":791,"column":6},"end":{"line":791,"column":32}},"405":{"start":{"line":792,"column":6},"end":{"line":799,"column":7}},"406":{"start":{"line":793,"column":8},"end":{"line":796,"column":9}},"407":{"start":{"line":794,"column":10},"end":{"line":794,"column":22}},"408":{"start":{"line":795,"column":10},"end":{"line":795,"column":36}},"409":{"start":{"line":798,"column":8},"end":{"line":798,"column":24}},"410":{"start":{"line":800,"column":6},"end":{"line":813,"column":7}},"411":{"start":{"line":801,"column":8},"end":{"line":801,"column":35}},"412":{"start":{"line":802,"column":8},"end":{"line":809,"column":9}},"413":{"start":{"line":803,"column":10},"end":{"line":803,"column":28}},"414":{"start":{"line":804,"column":10},"end":{"line":804,"column":27}},"415":{"start":{"line":805,"column":10},"end":{"line":805,"column":18}},"416":{"start":{"line":807,"column":10},"end":{"line":807,"column":27}},"417":{"start":{"line":808,"column":10},"end":{"line":808,"column":26}},"418":{"start":{"line":811,"column":8},"end":{"line":811,"column":25}},"419":{"start":{"line":812,"column":8},"end":{"line":812,"column":24}},"420":{"start":{"line":815,"column":6},"end":{"line":815,"column":23}},"421":{"start":{"line":816,"column":6},"end":{"line":816,"column":22}},"422":{"start":{"line":819,"column":4},"end":{"line":819,"column":14}},"423":{"start":{"line":822,"column":2},"end":{"line":876,"column":3}},"424":{"start":{"line":823,"column":4},"end":{"line":823,"column":31}},"425":{"start":{"line":825,"column":4},"end":{"line":825,"column":21}},"426":{"start":{"line":826,"column":4},"end":{"line":826,"column":28}},"427":{"start":{"line":827,"column":4},"end":{"line":873,"column":5}},"428":{"start":{"line":828,"column":6},"end":{"line":828,"column":14}},"429":{"start":{"line":829,"column":6},"end":{"line":829,"column":23}},"430":{"start":{"line":830,"column":6},"end":{"line":830,"column":28}},"431":{"start":{"line":831,"column":6},"end":{"line":843,"column":7}},"432":{"start":{"line":832,"column":8},"end":{"line":832,"column":32}},"433":{"start":{"line":833,"column":8},"end":{"line":839,"column":9}},"434":{"start":{"line":834,"column":10},"end":{"line":834,"column":24}},"435":{"start":{"line":835,"column":10},"end":{"line":835,"column":18}},"436":{"start":{"line":837,"column":10},"end":{"line":837,"column":27}},"437":{"start":{"line":838,"column":10},"end":{"line":838,"column":26}},"438":{"start":{"line":841,"column":8},"end":{"line":841,"column":25}},"439":{"start":{"line":842,"column":8},"end":{"line":842,"column":24}},"440":{"start":{"line":844,"column":6},"end":{"line":861,"column":7}},"441":{"start":{"line":845,"column":8},"end":{"line":845,"column":20}},"442":{"start":{"line":846,"column":8},"end":{"line":846,"column":25}},"443":{"start":{"line":847,"column":8},"end":{"line":847,"column":30}},"444":{"start":{"line":848,"column":8},"end":{"line":860,"column":9}},"445":{"start":{"line":849,"column":10},"end":{"line":849,"column":34}},"446":{"start":{"line":850,"column":10},"end":{"line":856,"column":11}},"447":{"start":{"line":851,"column":12},"end":{"line":851,"column":26}},"448":{"start":{"line":852,"column":12},"end":{"line":852,"column":20}},"449":{"start":{"line":854,"column":12},"end":{"line":854,"column":29}},"450":{"start":{"line":855,"column":12},"end":{"line":855,"column":28}},"451":{"start":{"line":858,"column":10},"end":{"line":858,"column":27}},"452":{"start":{"line":859,"column":10},"end":{"line":859,"column":26}},"453":{"start":{"line":862,"column":6},"end":{"line":869,"column":7}},"454":{"start":{"line":863,"column":8},"end":{"line":863,"column":26}},"455":{"start":{"line":864,"column":8},"end":{"line":864,"column":29}},"456":{"start":{"line":865,"column":8},"end":{"line":865,"column":16}},"457":{"start":{"line":867,"column":8},"end":{"line":867,"column":25}},"458":{"start":{"line":868,"column":8},"end":{"line":868,"column":24}},"459":{"start":{"line":871,"column":6},"end":{"line":871,"column":23}},"460":{"start":{"line":872,"column":6},"end":{"line":872,"column":22}},"461":{"start":{"line":875,"column":4},"end":{"line":875,"column":14}},"462":{"start":{"line":878,"column":2},"end":{"line":917,"column":3}},"463":{"start":{"line":879,"column":4},"end":{"line":879,"column":31}},"464":{"start":{"line":881,"column":4},"end":{"line":881,"column":21}},"465":{"start":{"line":882,"column":4},"end":{"line":882,"column":28}},"466":{"start":{"line":883,"column":4},"end":{"line":914,"column":5}},"467":{"start":{"line":884,"column":6},"end":{"line":884,"column":30}},"468":{"start":{"line":885,"column":6},"end":{"line":910,"column":7}},"469":{"start":{"line":886,"column":8},"end":{"line":886,"column":29}},"470":{"start":{"line":887,"column":8},"end":{"line":906,"column":9}},"471":{"start":{"line":888,"column":10},"end":{"line":888,"column":34}},"472":{"start":{"line":889,"column":10},"end":{"line":902,"column":11}},"473":{"start":{"line":890,"column":12},"end":{"line":890,"column":37}},"474":{"start":{"line":891,"column":12},"end":{"line":898,"column":13}},"475":{"start":{"line":892,"column":14},"end":{"line":892,"column":32}},"476":{"start":{"line":893,"column":14},"end":{"line":893,"column":39}},"477":{"start":{"line":894,"column":14},"end":{"line":894,"column":22}},"478":{"start":{"line":896,"column":14},"end":{"line":896,"column":31}},"479":{"start":{"line":897,"column":14},"end":{"line":897,"column":30}},"480":{"start":{"line":900,"column":12},"end":{"line":900,"column":29}},"481":{"start":{"line":901,"column":12},"end":{"line":901,"column":28}},"482":{"start":{"line":904,"column":10},"end":{"line":904,"column":27}},"483":{"start":{"line":905,"column":10},"end":{"line":905,"column":26}},"484":{"start":{"line":908,"column":8},"end":{"line":908,"column":25}},"485":{"start":{"line":909,"column":8},"end":{"line":909,"column":24}},"486":{"start":{"line":912,"column":6},"end":{"line":912,"column":23}},"487":{"start":{"line":913,"column":6},"end":{"line":913,"column":22}},"488":{"start":{"line":916,"column":4},"end":{"line":916,"column":14}},"489":{"start":{"line":919,"column":2},"end":{"line":973,"column":3}},"490":{"start":{"line":920,"column":4},"end":{"line":920,"column":31}},"491":{"start":{"line":922,"column":4},"end":{"line":922,"column":21}},"492":{"start":{"line":923,"column":4},"end":{"line":923,"column":25}},"493":{"start":{"line":924,"column":4},"end":{"line":970,"column":5}},"494":{"start":{"line":925,"column":6},"end":{"line":925,"column":14}},"495":{"start":{"line":926,"column":6},"end":{"line":926,"column":23}},"496":{"start":{"line":927,"column":6},"end":{"line":927,"column":28}},"497":{"start":{"line":928,"column":6},"end":{"line":940,"column":7}},"498":{"start":{"line":929,"column":8},"end":{"line":929,"column":35}},"499":{"start":{"line":930,"column":8},"end":{"line":936,"column":9}},"500":{"start":{"line":931,"column":10},"end":{"line":931,"column":24}},"501":{"start":{"line":932,"column":10},"end":{"line":932,"column":18}},"502":{"start":{"line":934,"column":10},"end":{"line":934,"column":27}},"503":{"start":{"line":935,"column":10},"end":{"line":935,"column":26}},"504":{"start":{"line":938,"column":8},"end":{"line":938,"column":25}},"505":{"start":{"line":939,"column":8},"end":{"line":939,"column":24}},"506":{"start":{"line":941,"column":6},"end":{"line":958,"column":7}},"507":{"start":{"line":942,"column":8},"end":{"line":942,"column":20}},"508":{"start":{"line":943,"column":8},"end":{"line":943,"column":25}},"509":{"start":{"line":944,"column":8},"end":{"line":944,"column":30}},"510":{"start":{"line":945,"column":8},"end":{"line":957,"column":9}},"511":{"start":{"line":946,"column":10},"end":{"line":946,"column":37}},"512":{"start":{"line":947,"column":10},"end":{"line":953,"column":11}},"513":{"start":{"line":948,"column":12},"end":{"line":948,"column":26}},"514":{"start":{"line":949,"column":12},"end":{"line":949,"column":20}},"515":{"start":{"line":951,"column":12},"end":{"line":951,"column":29}},"516":{"start":{"line":952,"column":12},"end":{"line":952,"column":28}},"517":{"start":{"line":955,"column":10},"end":{"line":955,"column":27}},"518":{"start":{"line":956,"column":10},"end":{"line":956,"column":26}},"519":{"start":{"line":959,"column":6},"end":{"line":966,"column":7}},"520":{"start":{"line":960,"column":8},"end":{"line":960,"column":26}},"521":{"start":{"line":961,"column":8},"end":{"line":961,"column":29}},"522":{"start":{"line":962,"column":8},"end":{"line":962,"column":16}},"523":{"start":{"line":964,"column":8},"end":{"line":964,"column":25}},"524":{"start":{"line":965,"column":8},"end":{"line":965,"column":24}},"525":{"start":{"line":968,"column":6},"end":{"line":968,"column":23}},"526":{"start":{"line":969,"column":6},"end":{"line":969,"column":22}},"527":{"start":{"line":972,"column":4},"end":{"line":972,"column":14}},"528":{"start":{"line":975,"column":2},"end":{"line":1029,"column":3}},"529":{"start":{"line":976,"column":4},"end":{"line":976,"column":31}},"530":{"start":{"line":978,"column":4},"end":{"line":978,"column":21}},"531":{"start":{"line":979,"column":4},"end":{"line":979,"column":27}},"532":{"start":{"line":980,"column":4},"end":{"line":1026,"column":5}},"533":{"start":{"line":981,"column":6},"end":{"line":981,"column":14}},"534":{"start":{"line":982,"column":6},"end":{"line":982,"column":23}},"535":{"start":{"line":983,"column":6},"end":{"line":983,"column":28}},"536":{"start":{"line":984,"column":6},"end":{"line":996,"column":7}},"537":{"start":{"line":985,"column":8},"end":{"line":985,"column":29}},"538":{"start":{"line":986,"column":8},"end":{"line":992,"column":9}},"539":{"start":{"line":987,"column":10},"end":{"line":987,"column":24}},"540":{"start":{"line":988,"column":10},"end":{"line":988,"column":18}},"541":{"start":{"line":990,"column":10},"end":{"line":990,"column":27}},"542":{"start":{"line":991,"column":10},"end":{"line":991,"column":26}},"543":{"start":{"line":994,"column":8},"end":{"line":994,"column":25}},"544":{"start":{"line":995,"column":8},"end":{"line":995,"column":24}},"545":{"start":{"line":997,"column":6},"end":{"line":1014,"column":7}},"546":{"start":{"line":998,"column":8},"end":{"line":998,"column":20}},"547":{"start":{"line":999,"column":8},"end":{"line":999,"column":25}},"548":{"start":{"line":1000,"column":8},"end":{"line":1000,"column":30}},"549":{"start":{"line":1001,"column":8},"end":{"line":1013,"column":9}},"550":{"start":{"line":1002,"column":10},"end":{"line":1002,"column":31}},"551":{"start":{"line":1003,"column":10},"end":{"line":1009,"column":11}},"552":{"start":{"line":1004,"column":12},"end":{"line":1004,"column":26}},"553":{"start":{"line":1005,"column":12},"end":{"line":1005,"column":20}},"554":{"start":{"line":1007,"column":12},"end":{"line":1007,"column":29}},"555":{"start":{"line":1008,"column":12},"end":{"line":1008,"column":28}},"556":{"start":{"line":1011,"column":10},"end":{"line":1011,"column":27}},"557":{"start":{"line":1012,"column":10},"end":{"line":1012,"column":26}},"558":{"start":{"line":1015,"column":6},"end":{"line":1022,"column":7}},"559":{"start":{"line":1016,"column":8},"end":{"line":1016,"column":26}},"560":{"start":{"line":1017,"column":8},"end":{"line":1017,"column":29}},"561":{"start":{"line":1018,"column":8},"end":{"line":1018,"column":16}},"562":{"start":{"line":1020,"column":8},"end":{"line":1020,"column":25}},"563":{"start":{"line":1021,"column":8},"end":{"line":1021,"column":24}},"564":{"start":{"line":1024,"column":6},"end":{"line":1024,"column":23}},"565":{"start":{"line":1025,"column":6},"end":{"line":1025,"column":22}},"566":{"start":{"line":1028,"column":4},"end":{"line":1028,"column":14}},"567":{"start":{"line":1031,"column":2},"end":{"line":1067,"column":3}},"568":{"start":{"line":1032,"column":4},"end":{"line":1032,"column":23}},"569":{"start":{"line":1034,"column":4},"end":{"line":1034,"column":21}},"570":{"start":{"line":1035,"column":4},"end":{"line":1035,"column":28}},"571":{"start":{"line":1036,"column":4},"end":{"line":1055,"column":5}},"572":{"start":{"line":1037,"column":6},"end":{"line":1037,"column":33}},"573":{"start":{"line":1038,"column":6},"end":{"line":1051,"column":7}},"574":{"start":{"line":1039,"column":8},"end":{"line":1039,"column":33}},"575":{"start":{"line":1040,"column":8},"end":{"line":1047,"column":9}},"576":{"start":{"line":1041,"column":10},"end":{"line":1041,"column":28}},"577":{"start":{"line":1042,"column":10},"end":{"line":1042,"column":27}},"578":{"start":{"line":1043,"column":10},"end":{"line":1043,"column":18}},"579":{"start":{"line":1045,"column":10},"end":{"line":1045,"column":27}},"580":{"start":{"line":1046,"column":10},"end":{"line":1046,"column":26}},"581":{"start":{"line":1049,"column":8},"end":{"line":1049,"column":25}},"582":{"start":{"line":1050,"column":8},"end":{"line":1050,"column":24}},"583":{"start":{"line":1053,"column":6},"end":{"line":1053,"column":23}},"584":{"start":{"line":1054,"column":6},"end":{"line":1054,"column":22}},"585":{"start":{"line":1056,"column":4},"end":{"line":1064,"column":5}},"586":{"start":{"line":1057,"column":6},"end":{"line":1057,"column":23}},"587":{"start":{"line":1058,"column":6},"end":{"line":1058,"column":30}},"588":{"start":{"line":1059,"column":6},"end":{"line":1062,"column":7}},"589":{"start":{"line":1060,"column":8},"end":{"line":1060,"column":26}},"590":{"start":{"line":1061,"column":8},"end":{"line":1061,"column":25}},"591":{"start":{"line":1063,"column":6},"end":{"line":1063,"column":14}},"592":{"start":{"line":1066,"column":4},"end":{"line":1066,"column":14}},"593":{"start":{"line":1069,"column":2},"end":{"line":1096,"column":3}},"594":{"start":{"line":1070,"column":4},"end":{"line":1070,"column":15}},"595":{"start":{"line":1072,"column":4},"end":{"line":1072,"column":22}},"596":{"start":{"line":1073,"column":4},"end":{"line":1073,"column":21}},"597":{"start":{"line":1074,"column":4},"end":{"line":1074,"column":23}},"598":{"start":{"line":1075,"column":4},"end":{"line":1078,"column":5}},"599":{"start":{"line":1076,"column":6},"end":{"line":1076,"column":24}},"600":{"start":{"line":1077,"column":6},"end":{"line":1077,"column":23}},"601":{"start":{"line":1079,"column":4},"end":{"line":1079,"column":12}},"602":{"start":{"line":1080,"column":4},"end":{"line":1088,"column":5}},"603":{"start":{"line":1081,"column":6},"end":{"line":1081,"column":23}},"604":{"start":{"line":1082,"column":6},"end":{"line":1082,"column":26}},"605":{"start":{"line":1083,"column":6},"end":{"line":1086,"column":7}},"606":{"start":{"line":1084,"column":8},"end":{"line":1084,"column":26}},"607":{"start":{"line":1085,"column":8},"end":{"line":1085,"column":25}},"608":{"start":{"line":1087,"column":6},"end":{"line":1087,"column":14}},"609":{"start":{"line":1089,"column":4},"end":{"line":1089,"column":22}},"610":{"start":{"line":1090,"column":4},"end":{"line":1093,"column":5}},"611":{"start":{"line":1091,"column":6},"end":{"line":1091,"column":22}},"612":{"start":{"line":1092,"column":6},"end":{"line":1092,"column":55}},"613":{"start":{"line":1092,"column":35},"end":{"line":1092,"column":53}},"614":{"start":{"line":1095,"column":4},"end":{"line":1095,"column":14}},"615":{"start":{"line":1098,"column":2},"end":{"line":1121,"column":3}},"616":{"start":{"line":1099,"column":4},"end":{"line":1099,"column":15}},"617":{"start":{"line":1101,"column":4},"end":{"line":1101,"column":12}},"618":{"start":{"line":1102,"column":4},"end":{"line":1108,"column":5}},"619":{"start":{"line":1103,"column":6},"end":{"line":1103,"column":37}},"620":{"start":{"line":1104,"column":6},"end":{"line":1104,"column":20}},"621":{"start":{"line":1106,"column":6},"end":{"line":1106,"column":22}},"622":{"start":{"line":1107,"column":6},"end":{"line":1107,"column":55}},"623":{"start":{"line":1107,"column":35},"end":{"line":1107,"column":53}},"624":{"start":{"line":1109,"column":4},"end":{"line":1118,"column":5}},"625":{"start":{"line":1110,"column":6},"end":{"line":1110,"column":18}},"626":{"start":{"line":1111,"column":6},"end":{"line":1117,"column":7}},"627":{"start":{"line":1112,"column":8},"end":{"line":1112,"column":39}},"628":{"start":{"line":1113,"column":8},"end":{"line":1113,"column":22}},"629":{"start":{"line":1115,"column":8},"end":{"line":1115,"column":24}},"630":{"start":{"line":1116,"column":8},"end":{"line":1116,"column":57}},"631":{"start":{"line":1116,"column":37},"end":{"line":1116,"column":55}},"632":{"start":{"line":1120,"column":4},"end":{"line":1120,"column":14}},"633":{"start":{"line":1123,"column":2},"end":{"line":1212,"column":3}},"634":{"start":{"line":1124,"column":4},"end":{"line":1124,"column":31}},"635":{"start":{"line":1126,"column":4},"end":{"line":1126,"column":21}},"636":{"start":{"line":1127,"column":4},"end":{"line":1127,"column":22}},"637":{"start":{"line":1128,"column":4},"end":{"line":1179,"column":5}},"638":{"start":{"line":1129,"column":6},"end":{"line":1129,"column":23}},"639":{"start":{"line":1130,"column":6},"end":{"line":1130,"column":23}},"640":{"start":{"line":1131,"column":6},"end":{"line":1137,"column":7}},"641":{"start":{"line":1132,"column":8},"end":{"line":1132,"column":39}},"642":{"start":{"line":1133,"column":8},"end":{"line":1133,"column":22}},"643":{"start":{"line":1135,"column":8},"end":{"line":1135,"column":24}},"644":{"start":{"line":1136,"column":8},"end":{"line":1136,"column":57}},"645":{"start":{"line":1136,"column":37},"end":{"line":1136,"column":55}},"646":{"start":{"line":1138,"column":6},"end":{"line":1156,"column":7}},"647":{"start":{"line":1139,"column":8},"end":{"line":1145,"column":9}},"648":{"start":{"line":1140,"column":10},"end":{"line":1140,"column":23}},"649":{"start":{"line":1141,"column":10},"end":{"line":1141,"column":24}},"650":{"start":{"line":1143,"column":10},"end":{"line":1143,"column":26}},"651":{"start":{"line":1144,"column":10},"end":{"line":1144,"column":59}},"652":{"start":{"line":1144,"column":39},"end":{"line":1144,"column":57}},"653":{"start":{"line":1146,"column":8},"end":{"line":1152,"column":9}},"654":{"start":{"line":1147,"column":10},"end":{"line":1147,"column":24}},"655":{"start":{"line":1148,"column":10},"end":{"line":1148,"column":18}},"656":{"start":{"line":1150,"column":10},"end":{"line":1150,"column":27}},"657":{"start":{"line":1151,"column":10},"end":{"line":1151,"column":26}},"658":{"start":{"line":1154,"column":8},"end":{"line":1154,"column":25}},"659":{"start":{"line":1155,"column":8},"end":{"line":1155,"column":24}},"660":{"start":{"line":1157,"column":6},"end":{"line":1161,"column":7}},"661":{"start":{"line":1158,"column":8},"end":{"line":1158,"column":46}},"662":{"start":{"line":1160,"column":8},"end":{"line":1160,"column":16}},"663":{"start":{"line":1162,"column":6},"end":{"line":1175,"column":7}},"664":{"start":{"line":1163,"column":8},"end":{"line":1163,"column":26}},"665":{"start":{"line":1164,"column":8},"end":{"line":1171,"column":9}},"666":{"start":{"line":1165,"column":10},"end":{"line":1165,"column":28}},"667":{"start":{"line":1166,"column":10},"end":{"line":1166,"column":27}},"668":{"start":{"line":1167,"column":10},"end":{"line":1167,"column":18}},"669":{"start":{"line":1169,"column":10},"end":{"line":1169,"column":27}},"670":{"start":{"line":1170,"column":10},"end":{"line":1170,"column":26}},"671":{"start":{"line":1173,"column":8},"end":{"line":1173,"column":25}},"672":{"start":{"line":1174,"column":8},"end":{"line":1174,"column":24}},"673":{"start":{"line":1177,"column":6},"end":{"line":1177,"column":23}},"674":{"start":{"line":1178,"column":6},"end":{"line":1178,"column":22}},"675":{"start":{"line":1180,"column":4},"end":{"line":1209,"column":5}},"676":{"start":{"line":1181,"column":6},"end":{"line":1181,"column":23}},"677":{"start":{"line":1182,"column":6},"end":{"line":1182,"column":24}},"678":{"start":{"line":1183,"column":6},"end":{"line":1208,"column":7}},"679":{"start":{"line":1184,"column":8},"end":{"line":1190,"column":9}},"680":{"start":{"line":1185,"column":10},"end":{"line":1185,"column":41}},"681":{"start":{"line":1186,"column":10},"end":{"line":1186,"column":24}},"682":{"start":{"line":1188,"column":10},"end":{"line":1188,"column":26}},"683":{"start":{"line":1189,"column":10},"end":{"line":1189,"column":59}},"684":{"start":{"line":1189,"column":39},"end":{"line":1189,"column":57}},"685":{"start":{"line":1191,"column":8},"end":{"line":1204,"column":9}},"686":{"start":{"line":1192,"column":10},"end":{"line":1192,"column":28}},"687":{"start":{"line":1193,"column":10},"end":{"line":1200,"column":11}},"688":{"start":{"line":1194,"column":12},"end":{"line":1194,"column":30}},"689":{"start":{"line":1195,"column":12},"end":{"line":1195,"column":29}},"690":{"start":{"line":1196,"column":12},"end":{"line":1196,"column":20}},"691":{"start":{"line":1198,"column":12},"end":{"line":1198,"column":29}},"692":{"start":{"line":1199,"column":12},"end":{"line":1199,"column":28}},"693":{"start":{"line":1202,"column":10},"end":{"line":1202,"column":27}},"694":{"start":{"line":1203,"column":10},"end":{"line":1203,"column":26}},"695":{"start":{"line":1206,"column":8},"end":{"line":1206,"column":25}},"696":{"start":{"line":1207,"column":8},"end":{"line":1207,"column":24}},"697":{"start":{"line":1211,"column":4},"end":{"line":1211,"column":14}},"698":{"start":{"line":1214,"column":2},"end":{"line":1223,"column":3}},"699":{"start":{"line":1215,"column":4},"end":{"line":1215,"column":11}},"700":{"start":{"line":1217,"column":4},"end":{"line":1217,"column":25}},"701":{"start":{"line":1218,"column":4},"end":{"line":1220,"column":5}},"702":{"start":{"line":1219,"column":6},"end":{"
[...]
type":"if","locations":[{"start":{"line":1102,"column":4},"end":{"line":1102,"column":4}},{"start":{"line":1102,"column":4},"end":{"line":1102,"column":4}}]},"115":{"line":1107,"type":"if","locations":[{"start":{"line":1107,"column":6},"end":{"line":1107,"column":6}},{"start":{"line":1107,"column":6},"end":{"line":1107,"column":6}}]},"116":{"line":1111,"type":"if","locations":[{"start":{"line":1111,"column":6},"end":{"line":1111,"column":6}},{"start":{"line":1111,"column":6},"end":{"line":1111,"column":6}}]},"117":{"line":1116,"type":"if","locations":[{"start":{"line":1116,"column":8},"end":{"line":1116,"column":8}},{"start":{"line":1116,"column":8},"end":{"line":1116,"column":8}}]},"118":{"line":1128,"type":"if","locations":[{"start":{"line":1128,"column":4},"end":{"line":1128,"column":4}},{"start":{"line":1128,"column":4},"end":{"line":1128,"column":4}}]},"119":{"line":1131,"type":"if","locations":[{"start":{"line":1131,"column":6},"end":{"line":1131,"column":6}},{"start":{"line":1131,"column":6},"end":{"line":1131,"column":6}}]},"120":{"line":1136,"type":"if","locations":[{"start":{"line":1136,"column":8},"end":{"line":1136,"column":8}},{"start":{"line":1136,"column":8},"end":{"line":1136,"column":8}}]},"121":{"line":1138,"type":"if","locations":[{"start":{"line":1138,"column":6},"end":{"line":1138,"column":6}},{"start":{"line":1138,"column":6},"end":{"line":1138,"column":6}}]},"122":{"line":1139,"type":"if","locations":[{"start":{"line":1139,"column":8},"end":{"line":1139,"column":8}},{"start":{"line":1139,"column":8},"end":{"line":1139,"column":8}}]},"123":{"line":1144,"type":"if","locations":[{"start":{"line":1144,"column":10},"end":{"line":1144,"column":10}},{"start":{"line":1144,"column":10},"end":{"line":1144,"column":10}}]},"124":{"line":1146,"type":"if","locations":[{"start":{"line":1146,"column":8},"end":{"line":1146,"column":8}},{"start":{"line":1146,"column":8},"end":{"line":1146,"column":8}}]},"125":{"line":1157,"type":"if","locations":[{"start":{"line":1157,"column":6},"end":{"line":1157,"column":6}},{"start":{"line":1157,"column":6},"end":{"line":1157,"column":6}}]},"126":{"line":1162,"type":"if","locations":[{"start":{"line":1162,"column":6},"end":{"line":1162,"column":6}},{"start":{"line":1162,"column":6},"end":{"line":1162,"column":6}}]},"127":{"line":1164,"type":"if","locations":[{"start":{"line":1164,"column":8},"end":{"line":1164,"column":8}},{"start":{"line":1164,"column":8},"end":{"line":1164,"column":8}}]},"128":{"line":1180,"type":"if","locations":[{"start":{"line":1180,"column":4},"end":{"line":1180,"column":4}},{"start":{"line":1180,"column":4},"end":{"line":1180,"column":4}}]},"129":{"line":1183,"type":"if","locations":[{"start":{"line":1183,"column":6},"end":{"line":1183,"column":6}},{"start":{"line":1183,"column":6},"end":{"line":1183,"column":6}}]},"130":{"line":1184,"type":"if","locations":[{"start":{"line":1184,"column":8},"end":{"line":1184,"column":8}},{"start":{"line":1184,"column":8},"end":{"line":1184,"column":8}}]},"131":{"line":1189,"type":"if","locations":[{"start":{"line":1189,"column":10},"end":{"line":1189,"column":10}},{"start":{"line":1189,"column":10},"end":{"line":1189,"column":10}}]},"132":{"line":1191,"type":"if","locations":[{"start":{"line":1191,"column":8},"end":{"line":1191,"column":8}},{"start":{"line":1191,"column":8},"end":{"line":1191,"column":8}}]},"133":{"line":1193,"type":"if","locations":[{"start":{"line":1193,"column":10},"end":{"line":1193,"column":10}},{"start":{"line":1193,"column":10},"end":{"line":1193,"column":10}}]},"134":{"line":1218,"type":"if","locations":[{"start":{"line":1218,"column":4},"end":{"line":1218,"column":4}},{"start":{"line":1218,"column":4},"end":{"line":1218,"column":4}}]},"135":{"line":1229,"type":"if","locations":[{"start":{"line":1229,"column":4},"end":{"line":1229,"column":4}},{"start":{"line":1229,"column":4},"end":{"line":1229,"column":4}}]},"136":{"line":1241,"type":"if","locations":[{"start":{"line":1241,"column":4},"end":{"line":1241,"column":4}},{"start":{"line":1241,"column":4},"end":{"line":1241,"column":4}}]},"137":{"line":1242,"type":"if","locations":[{"start":{"line":1242,"column":6},"end":{"line":1242,"column":6}},{"start":{"line":1242,"column":6},"end":{"line":1242,"column":6}}]},"138":{"line":1247,"type":"if","locations":[{"start":{"line":1247,"column":8},"end":{"line":1247,"column":8}},{"start":{"line":1247,"column":8},"end":{"line":1247,"column":8}}]},"139":{"line":1249,"type":"if","locations":[{"start":{"line":1249,"column":6},"end":{"line":1249,"column":6}},{"start":{"line":1249,"column":6},"end":{"line":1249,"column":6}}]},"140":{"line":1251,"type":"if","locations":[{"start":{"line":1251,"column":8},"end":{"line":1251,"column":8}},{"start":{"line":1251,"column":8},"end":{"line":1251,"column":8}}]},"141":{"line":1276,"type":"if","locations":[{"start":{"line":1276,"column":4},"end":{"line":1276,"column":4}},{"start":{"line":1276,"column":4},"end":{"line":1276,"column":4}}]},"142":{"line":1277,"type":"if","locations":[{"start":{"line":1277,"column":6},"end":{"line":1277,"column":6}},{"start":{"line":1277,"column":6},"end":{"line":1277,"column":6}}]},"143":{"line":1282,"type":"if","locations":[{"start":{"line":1282,"column":8},"end":{"line":1282,"column":8}},{"start":{"line":1282,"column":8},"end":{"line":1282,"column":8}}]},"144":{"line":1284,"type":"if","locations":[{"start":{"line":1284,"column":6},"end":{"line":1284,"column":6}},{"start":{"line":1284,"column":6},"end":{"line":1284,"column":6}}]},"145":{"line":1286,"type":"if","locations":[{"start":{"line":1286,"column":8},"end":{"line":1286,"column":8}},{"start":{"line":1286,"column":8},"end":{"line":1286,"column":8}}]},"146":{"line":1311,"type":"if","locations":[{"start":{"line":1311,"column":4},"end":{"line":1311,"column":4}},{"start":{"line":1311,"column":4},"end":{"line":1311,"column":4}}]},"147":{"line":1312,"type":"if","locations":[{"start":{"line":1312,"column":6},"end":{"line":1312,"column":6}},{"start":{"line":1312,"column":6},"end":{"line":1312,"column":6}}]},"148":{"line":1317,"type":"if","locations":[{"start":{"line":1317,"column":8},"end":{"line":1317,"column":8}},{"start":{"line":1317,"column":8},"end":{"line":1317,"column":8}}]},"149":{"line":1319,"type":"if","locations":[{"start":{"line":1319,"column":6},"end":{"line":1319,"column":6}},{"start":{"line":1319,"column":6},"end":{"line":1319,"column":6}}]},"150":{"line":1321,"type":"if","locations":[{"start":{"line":1321,"column":8},"end":{"line":1321,"column":8}},{"start":{"line":1321,"column":8},"end":{"line":1321,"column":8}}]},"151":{"line":1346,"type":"if","locations":[{"start":{"line":1346,"column":4},"end":{"line":1346,"column":4}},{"start":{"line":1346,"column":4},"end":{"line":1346,"column":4}}]},"152":{"line":1347,"type":"if","locations":[{"start":{"line":1347,"column":6},"end":{"line":1347,"column":6}},{"start":{"line":1347,"column":6},"end":{"line":1347,"column":6}}]},"153":{"line":1352,"type":"if","locations":[{"start":{"line":1352,"column":8},"end":{"line":1352,"column":8}},{"start":{"line":1352,"column":8},"end":{"line":1352,"column":8}}]},"154":{"line":1354,"type":"if","locations":[{"start":{"line":1354,"column":6},"end":{"line":1354,"column":6}},{"start":{"line":1354,"column":6},"end":{"line":1354,"column":6}}]},"155":{"line":1356,"type":"if","locations":[{"start":{"line":1356,"column":8},"end":{"line":1356,"column":8}},{"start":{"line":1356,"column":8},"end":{"line":1356,"column":8}}]},"156":{"line":1381,"type":"if","locations":[{"start":{"line":1381,"column":4},"end":{"line":1381,"column":4}},{"start":{"line":1381,"column":4},"end":{"line":1381,"column":4}}]},"157":{"line":1382,"type":"if","locations":[{"start":{"line":1382,"column":6},"end":{"line":1382,"column":6}},{"start":{"line":1382,"column":6},"end":{"line":1382,"column":6}}]},"158":{"line":1387,"type":"if","locations":[{"start":{"line":1387,"column":8},"end":{"line":1387,"column":8}},{"start":{"line":1387,"column":8},"end":{"line":1387,"column":8}}]},"159":{"line":1389,"type":"if","locations":[{"start":{"line":1389,"column":6},"end":{"line":1389,"column":6}},{"start":{"line":1389,"column":6},"end":{"line":1389,"column":6}}]},"160":{"line":1391,"type":"if","locations":[{"start":{"line":1391,"column":8},"end":{"line":1391,"column":8}},{"start":{"line":1391,"column":8},"end":{"line":1391,"column":8}}]},"161":{"line":1416,"type":"if","locations":[{"start":{"line":1416,"column":4},"end":{"line":1416,"column":4}},{"start":{"line":1416,"column":4},"end":{"line":1416,"column":4}}]},"162":{"line":1417,"type":"if","locations":[{"start":{"line":1417,"column":6},"end":{"line":1417,"column":6}},{"start":{"line":1417,"column":6},"end":{"line":1417,"column":6}}]},"163":{"line":1422,"type":"if","locations":[{"start":{"line":1422,"column":8},"end":{"line":1422,"column":8}},{"start":{"line":1422,"column":8},"end":{"line":1422,"column":8}}]},"164":{"line":1424,"type":"if","locations":[{"start":{"line":1424,"column":6},"end":{"line":1424,"column":6}},{"start":{"line":1424,"column":6},"end":{"line":1424,"column":6}}]},"165":{"line":1426,"type":"if","locations":[{"start":{"line":1426,"column":8},"end":{"line":1426,"column":8}},{"start":{"line":1426,"column":8},"end":{"line":1426,"column":8}}]},"166":{"line":1450,"type":"if","locations":[{"start":{"line":1450,"column":4},"end":{"line":1450,"column":4}},{"start":{"line":1450,"column":4},"end":{"line":1450,"column":4}}]},"167":{"line":1451,"type":"if","locations":[{"start":{"line":1451,"column":6},"end":{"line":1451,"column":6}},{"start":{"line":1451,"column":6},"end":{"line":1451,"column":6}}]},"168":{"line":1456,"type":"if","locations":[{"start":{"line":1456,"column":8},"end":{"line":1456,"column":8}},{"start":{"line":1456,"column":8},"end":{"line":1456,"column":8}}]},"169":{"line":1458,"type":"if","locations":[{"start":{"line":1458,"column":6},"end":{"line":1458,"column":6}},{"start":{"line":1458,"column":6},"end":{"line":1458,"column":6}}]},"170":{"line":1460,"type":"if","locations":[{"start":{"line":1460,"column":8},"end":{"line":1460,"column":8}},{"start":{"line":1460,"column":8},"end":{"line":1460,"column":8}}]},"171":{"line":1484,"type":"if","locations":[{"start":{"line":1484,"column":4},"end":{"line":1484,"column":4}},{"start":{"line":1484,"column":4},"end":{"line":1484,"column":4}}]},"172":{"line":1485,"type":"if","locations":[{"start":{"line":1485,"column":6},"end":{"line":1485,"column":6}},{"start":{"line":1485,"column":6},"end":{"line":1485,"column":6}}]},"173":{"line":1490,"type":"if","locations":[{"start":{"line":1490,"column":8},"end":{"line":1490,"column":8}},{"start":{"line":1490,"column":8},"end":{"line":1490,"column":8}}]},"174":{"line":1492,"type":"if","locations":[{"start":{"line":1492,"column":6},"end":{"line":1492,"column":6}},{"start":{"line":1492,"column":6},"end":{"line":1492,"column":6}}]},"175":{"line":1494,"type":"if","locations":[{"start":{"line":1494,"column":8},"end":{"line":1494,"column":8}},{"start":{"line":1494,"column":8},"end":{"line":1494,"column":8}}]},"176":{"line":1518,"type":"if","locations":[{"start":{"line":1518,"column":4},"end":{"line":1518,"column":4}},{"start":{"line":1518,"column":4},"end":{"line":1518,"column":4}}]},"177":{"line":1519,"type":"if","locations":[{"start":{"line":1519,"column":6},"end":{"line":1519,"column":6}},{"start":{"line":1519,"column":6},"end":{"line":1519,"column":6}}]},"178":{"line":1524,"type":"if","locations":[{"start":{"line":1524,"column":8},"end":{"line":1524,"column":8}},{"start":{"line":1524,"column":8},"end":{"line":1524,"column":8}}]},"179":{"line":1526,"type":"if","locations":[{"start":{"line":1526,"column":6},"end":{"line":1526,"column":6}},{"start":{"line":1526,"column":6},"end":{"line":1526,"column":6}}]},"180":{"line":1528,"type":"if","locations":[{"start":{"line":1528,"column":8},"end":{"line":1528,"column":8}},{"start":{"line":1528,"column":8},"end":{"line":1528,"column":8}}]},"181":{"line":1552,"type":"if","locations":[{"start":{"line":1552,"column":4},"end":{"line":1552,"column":4}},{"start":{"line":1552,"column":4},"end":{"line":1552,"column":4}}]},"182":{"line":1553,"type":"if","locations":[{"start":{"line":1553,"column":6},"end":{"line":1553,"column":6}},{"start":{"line":1553,"column":6},"end":{"line":1553,"column":6}}]},"183":{"line":1558,"type":"if","locations":[{"start":{"line":1558,"column":8},"end":{"line":1558,"column":8}},{"start":{"line":1558,"column":8},"end":{"line":1558,"column":8}}]},"184":{"line":1560,"type":"if","locations":[{"start":{"line":1560,"column":6},"end":{"line":1560,"column":6}},{"start":{"line":1560,"column":6},"end":{"line":1560,"column":6}}]},"185":{"line":1562,"type":"if","locations":[{"start":{"line":1562,"column":8},"end":{"line":1562,"column":8}},{"start":{"line":1562,"column":8},"end":{"line":1562,"column":8}}]},"186":{"line":1586,"type":"if","locations":[{"start":{"line":1586,"column":4},"end":{"line":1586,"column":4}},{"start":{"line":1586,"column":4},"end":{"line":1586,"column":4}}]},"187":{"line":1587,"type":"if","locations":[{"start":{"line":1587,"column":6},"end":{"line":1587,"column":6}},{"start":{"line":1587,"column":6},"end":{"line":1587,"column":6}}]},"188":{"line":1592,"type":"if","locations":[{"start":{"line":1592,"column":8},"end":{"line":1592,"column":8}},{"start":{"line":1592,"column":8},"end":{"line":1592,"column":8}}]},"189":{"line":1594,"type":"if","locations":[{"start":{"line":1594,"column":6},"end":{"line":1594,"column":6}},{"start":{"line":1594,"column":6},"end":{"line":1594,"column":6}}]},"190":{"line":1596,"type":"if","locations":[{"start":{"line":1596,"column":8},"end":{"line":1596,"column":8}},{"start":{"line":1596,"column":8},"end":{"line":1596,"column":8}}]},"191":{"line":1620,"type":"if","locations":[{"start":{"line":1620,"column":4},"end":{"line":1620,"column":4}},{"start":{"line":1620,"column":4},"end":{"line":1620,"column":4}}]},"192":{"line":1623,"type":"if","locations":[{"start":{"line":1623,"column":6},"end":{"line":1623,"column":6}},{"start":{"line":1623,"column":6},"end":{"line":1623,"column":6}}]},"193":{"line":1628,"type":"if","locations":[{"start":{"line":1628,"column":8},"end":{"line":1628,"column":8}},{"start":{"line":1628,"column":8},"end":{"line":1628,"column":8}}]},"194":{"line":1630,"type":"if","locations":[{"start":{"line":1630,"column":6},"end":{"line":1630,"column":6}},{"start":{"line":1630,"column":6},"end":{"line":1630,"column":6}}]},"195":{"line":1633,"type":"if","locations":[{"start":{"line":1633,"column":10},"end":{"line":1633,"column":10}},{"start":{"line":1633,"column":10},"end":{"line":1633,"column":10}}]},"196":{"line":1638,"type":"if","locations":[{"start":{"line":1638,"column":12},"end":{"line":1638,"column":12}},{"start":{"line":1638,"column":12},"end":{"line":1638,"column":12}}]},"197":{"line":1644,"type":"if","locations":[{"start":{"line":1644,"column":6},"end":{"line":1644,"column":6}},{"start":{"line":1644,"column":6},"end":{"line":1644,"column":6}}]},"198":{"line":1649,"type":"if","locations":[{"start":{"line":1649,"column":6},"end":{"line":1649,"column":6}},{"start":{"line":1649,"column":6},"end":{"line":1649,"column":6}}]},"199":{"line":1651,"type":"if","locations":[{"start":{"line":1651,"column":8},"end":{"line":1651,"column":8}},{"start":{"line":1651,"column":8},"end":{"line":1651,"column":8}}]},"200":{"line":1676,"type":"if","locations":[{"start":{"line":1676,"column":4},"end":{"line":1676,"column":4}},{"start":{"line":1676,"column":4},"end":{"line":1676,"column":4}}]},"201":{"line":1679,"type":"if","locations":[{"start":{"line":1679,"column":6},"end":{"line":1679,"column":6}},{"start":{"line":1679,"column":6},"end":{"line":1679,"column":6}}]},"202":{"line":1684,"type":"if","locations":[{"start":{"line":1684,"column":8},"end":{"line":1684,"column":8}},{"start":{"line":1684,"column":8},"end":{"line":1684,"column":8}}]},"203":{"line":1686,"type":"if","locations":[{"start":{"line":1686,"column":6},"end":{"line":1686,"column":6}},{"start":{"line":1686,"column":6},"end":{"line":1686,"column":6}}]},"204":{"line":1689,"type":"if","locations":[{"start":{"line":1689,"column":10},"end":{"line":1689,"column":10}},{"start":{"line":1689,"column":10},"end":{"line":1689,"column":10}}]},"205":{"line":1694,"type":"if","locations":[{"start":{"line":1694,"column":12},"end":{"line":1694,"column":12}},{"start":{"line":1694,"column":12},"end":{"line":1694,"column":12}}]},"206":{"line":1700,"type":"if","locations":[{"start":{"line":1700,"column":6},"end":{"line":1700,"column":6}},{"start":{"line":1700,"column":6},"end":{"line":1700,"column":6}}]},"207":{"line":1705,"type":"if","locations":[{"start":{"line":1705,"column":6},"end":{"line":1705,"column":6}},{"start":{"line":1705,"column":6},"end":{"line":1705,"column":6}}]},"208":{"line":1707,"type":"if","locations":[{"start":{"line":1707,"column":8},"end":{"line":1707,"column":8}},{"start":{"line":1707,"column":8},"end":{"line":1707,"column":8}}]},"209":{"line":1732,"type":"if","locations":[{"start":{"line":1732,"column":4},"end":{"line":1732,"column":4}},{"start":{"line":1732,"column":4},"end":{"line":1732,"column":4}}]},"210":{"line":1733,"type":"if","locations":[{"start":{"line":1733,"column":6},"end":{"line":1733,"column":6}},{"start":{"line":1733,"column":6},"end":{"line":1733,"column":6}}]},"211":{"line":1738,"type":"if","locations":[{"start":{"line":1738,"column":8},"end":{"line":1738,"column":8}},{"start":{"line":1738,"column":8},"end":{"line":1738,"column":8}}]},"212":{"line":1740,"type":"if","locations":[{"start":{"line":1740,"column":6},"end":{"line":1740,"column":6}},{"start":{"line":1740,"column":6},"end":{"line":1740,"column":6}}]},"213":{"line":1742,"type":"if","locations":[{"start":{"line":1742,"column":8},"end":{"line":1742,"column":8}},{"start":{"line":1742,"column":8},"end":{"line":1742,"column":8}}]},"214":{"line":1758,"type":"if","locations":[{"start":{"line":1758,"column":4},"end":{"line":1758,"column":4}},{"start":{"line":1758,"column":4},"end":{"line":1758,"column":4}}]},"215":{"line":1761,"type":"if","locations":[{"start":{"line":1761,"column":6},"end":{"line":1761,"column":6}},{"start":{"line":1761,"column":6},"end":{"line":1761,"column":6}}]},"216":{"line":1762,"type":"if","locations":[{"start":{"line":1762,"column":8},"end":{"line":1762,"column":8}},{"start":{"line":1762,"column":8},"end":{"line":1762,"column":8}}]},"217":{"line":1767,"type":"if","locations":[{"start":{"line":1767,"column":10},"end":{"line":1767,"column":10}},{"start":{"line":1767,"column":10},"end":{"line":1767,"column":10}}]},"218":{"line":1769,"type":"if","locations":[{"start":{"line":1769,"column":8},"end":{"line":1769,"column":8}},{"start":{"line":1769,"column":8},"end":{"line":1769,"column":8}}]},"219":{"line":1771,"type":"if","locations":[{"start":{"line":1771,"column":10},"end":{"line":1771,"column":10}},{"start":{"line":1771,"column":10},"end":{"line":1771,"column":10}}]},"220":{"line":1802,"type":"if","locations":[{"start":{"line":1802,"column":2},"end":{"line":1802,"column":2}},{"start":{"line":1802,"column":2},"end":{"line":1802,"column":2}}]},"221":{"line":1802,"type":"binary-expr","locations":[{"start":{"line":1802,"column":6},"end":{"line":1802,"column":31}},{"start":{"line":1802,"column":35},"end":{"line":1802,"column":63}}]},"222":{"line":1805,"type":"if","locations":[{"start":{"line":1805,"column":4},"end":{"line":1805,"column":4}},{"start":{"line":1805,"column":4},"end":{"line":1805,"column":4}}]},"223":{"line":1805,"type":"binary-expr","locations":[{"start":{"line":1805,"column":8},"end":{"line":1805,"column":33}},{"start":{"line":1805,"column":37},"end":{"line":1805,"column":63}}]},"224":{"line":1811,"type":"cond-expr","locations":[{"start":{"line":1811,"column":38},"end":{"line":1811,"column":66}},{"start":{"line":1811,"column":69},"end":{"line":1811,"column":73}}]},"225":{"line":1812,"type":"cond-expr","locations":[{"start":{"line":1813,"column":10},"end":{"line":1813,"column":65}},{"start":{"line":1814,"column":10},"end":{"line":1814,"column":61}}]}}}}