TN:
SF:C:\Users\Fran-PC\Documents\GradoInformatica\PL\analizador-usando-peg-ale-fran\test.js
FN:5,removeSpaces
FN:9,(anonymous_2)
FN:10,(anonymous_3)
FN:18,(anonymous_4)
FN:29,(anonymous_5)
FN:30,(anonymous_6)
FN:36,(anonymous_7)
FN:44,(anonymous_8)
FN:45,(anonymous_9)
FN:53,(anonymous_10)
FN:61,(anonymous_11)
FN:70,(anonymous_12)
FN:71,(anonymous_13)
FN:79,(anonymous_14)
FNF:14
FNH:14
FNDA:18,removeSpaces
FNDA:1,(anonymous_2)
FNDA:1,(anonymous_3)
FNDA:1,(anonymous_4)
FNDA:1,(anonymous_5)
FNDA:1,(anonymous_6)
FNDA:1,(anonymous_7)
FNDA:1,(anonymous_8)
FNDA:1,(anonymous_9)
FNDA:1,(anonymous_10)
FNDA:1,(anonymous_11)
FNDA:1,(anonymous_12)
FNDA:1,(anonymous_13)
FNDA:1,(anonymous_14)
DA:1,1
DA:2,1
DA:3,1
DA:5,1
DA:6,18
DA:9,1
DA:10,1
DA:11,1
DA:14,1
DA:15,1
DA:16,1
DA:18,1
DA:19,1
DA:23,1
DA:24,1
DA:25,1
DA:29,1
DA:30,1
DA:31,1
DA:32,1
DA:33,1
DA:34,1
DA:36,1
DA:37,1
DA:38,1
DA:39,1
DA:40,1
DA:44,1
DA:45,1
DA:46,1
DA:49,1
DA:50,1
DA:51,1
DA:53,1
DA:54,1
DA:57,1
DA:58,1
DA:59,1
DA:61,1
DA:62,1
DA:64,1
DA:65,1
DA:66,1
DA:70,1
DA:71,1
DA:72,1
DA:75,1
DA:76,1
DA:77,1
DA:79,1
DA:80,1
DA:83,1
DA:84,1
DA:85,1
LF:54
LH:54
BRF:0
BRH:0
end_of_record
TN:
SF:C:\Users\Fran-PC\Documents\GradoInformatica\PL\analizador-usando-peg-ale-fran\parser.js
FN:9,peg$subclass
FN:10,ctor
FN:15,peg$SyntaxError
FN:29,(anonymous_4)
FN:31,(anonymous_5)
FN:35,(anonymous_6)
FN:48,(anonymous_7)
FN:52,(anonymous_8)
FN:56,(anonymous_9)
FN:61,hex
FN:65,literalEscape
FN:73,(anonymous_12)
FN:74,(anonymous_13)
FN:77,classEscape
FN:87,(anonymous_15)
FN:88,(anonymous_16)
FN:91,describeExpectation
FN:95,describeExpected
FN:129,describeFound
FN:136,peg$parse
FN:145,(anonymous_21)
FN:146,(anonymous_22)
FN:147,(anonymous_23)
FN:148,(anonymous_24)
FN:149,(anonymous_25)
FN:150,(anonymous_26)
FN:165,(anonymous_27)
FN:182,(anonymous_28)
FN:191,(anonymous_29)
FN:200,(anonymous_30)
FN:207,(anonymous_31)
FN:214,(anonymous_32)
FN:215,(anonymous_33)
FN:221,(anonymous_34)
FN:227,(anonymous_35)
FN:234,(anonymous_36)
FN:239,(anonymous_37)
FN:245,(anonymous_38)
FN:250,(anonymous_39)
FN:256,(anonymous_40)
FN:257,(anonymous_41)
FN:259,(anonymous_42)
FN:260,(anonymous_43)
FN:267,(anonymous_44)
FN:272,(anonymous_45)
FN:275,(anonymous_46)
FN:278,(anonymous_47)
FN:281,(anonymous_48)
FN:282,(anonymous_49)
FN:297,(anonymous_50)
FN:300,(anonymous_51)
FN:303,(anonymous_52)
FN:306,(anonymous_53)
FN:325,text
FN:329,location
FN:333,expected
FN:343,error
FN:349,peg$literalExpectation
FN:353,peg$classExpectation
FN:357,peg$anyExpectation
FN:361,peg$endExpectation
FN:365,peg$otherExpectation
FN:369,peg$computePosDetails
FN:402,peg$computeLocation
FN:420,peg$fail
FN:431,peg$buildSimpleError
FN:435,peg$buildStructuredError
FN:444,peg$parsestart
FN:473,peg$parsestatement
FN:523,peg$parsedeclaration
FN:611,peg$parseconditional
FN:646,peg$parseloop
FN:681,peg$parsefunction
FN:740,peg$parsecall
FN:784,peg$parseblock
FN:822,peg$parseparameters
FN:878,peg$parsecondition
FN:919,peg$parseexpression
FN:975,peg$parseterm
FN:1031,peg$parsefactor
FN:1069,peg$parseprimary
FN:1098,peg$parse_
FN:1123,peg$parseCOMP
FN:1214,peg$parseADDOP
FN:1225,peg$parseMULOP
FN:1236,peg$parsePLUS
FN:1271,peg$parseMINUS
FN:1306,peg$parseMUL
FN:1341,peg$parseDIV
FN:1376,peg$parseASSIGN
FN:1411,peg$parseSEMICOLON
FN:1445,peg$parseCOMMA
FN:1479,peg$parseLEFTPAR
FN:1513,peg$parseRIGHTPAR
FN:1547,peg$parseLEFTBRACE
FN:1581,peg$parseRIGHTBRACE
FN:1615,peg$parseID
FN:1671,peg$parseNUM
FN:1727,peg$parseDECLARE
FNF:99
FNH:69
FNDA:1,peg$subclass
FNDA:1,ctor
FNDA:0,peg$SyntaxError
FNDA:0,(anonymous_4)
FNDA:0,(anonymous_5)
FNDA:0,(anonymous_6)
FNDA:0,(anonymous_7)
FNDA:0,(anonymous_8)
FNDA:0,(anonymous_9)
FNDA:0,hex
FNDA:0,literalEscape
FNDA:0,(anonymous_12)
FNDA:0,(anonymous_13)
FNDA:0,classEscape
FNDA:0,(anonymous_15)
FNDA:0,(anonymous_16)
FNDA:0,describeExpectation
FNDA:0,describeExpected
FNDA:0,describeFound
FNDA:9,peg$parse
FNDA:9,(anonymous_21)
FNDA:9,(anonymous_22)
FNDA:2,(anonymous_23)
FNDA:1,(anonymous_24)
FNDA:1,(anonymous_25)
FNDA:8,(anonymous_26)
FNDA:1,(anonymous_27)
FNDA:1,(anonymous_28)
FNDA:1,(anonymous_29)
FNDA:2,(anonymous_30)
FNDA:1,(anonymous_31)
FNDA:4,(anonymous_32)
FNDA:2,(anonymous_33)
FNDA:3,(anonymous_34)
FNDA:2,(anonymous_35)
FNDA:11,(anonymous_36)
FNDA:3,(anonymous_37)
FNDA:12,(anonymous_38)
FNDA:1,(anonymous_39)
FNDA:0,(anonymous_40)
FNDA:12,(anonymous_41)
FNDA:9,(anonymous_42)
FNDA:12,(anonymous_43)
FNDA:2,(anonymous_44)
FNDA:2,(anonymous_45)
FNDA:1,(anonymous_46)
FNDA:1,(anonymous_47)
FNDA:0,(anonymous_48)
FNDA:9,(anonymous_49)
FNDA:29,(anonymous_50)
FNDA:12,(anonymous_51)
FNDA:7,(anonymous_52)
FNDA:1,(anonymous_53)
FNDA:0,text
FNDA:0,location
FNDA:0,expected
FNDA:0,error
FNDA:144,peg$literalExpectation
FNDA:45,peg$classExpectation
FNDA:0,peg$anyExpectation
FNDA:0,peg$endExpectation
FNDA:18,peg$otherExpectation
FNDA:0,peg$computePosDetails
FNDA:0,peg$computeLocation
FNDA:0,peg$fail
FNDA:0,peg$buildSimpleError
FNDA:0,peg$buildStructuredError
FNDA:9,peg$parsestart
FNDA:26,peg$parsestatement
FNDA:26,peg$parsedeclaration
FNDA:17,peg$parseconditional
FNDA:15,peg$parseloop
FNDA:17,peg$parsefunction
FNDA:14,peg$parsecall
FNDA:4,peg$parseblock
FNDA:3,peg$parseparameters
FNDA:2,peg$parsecondition
FNDA:11,peg$parseexpression
FNDA:12,peg$parseterm
FNDA:12,peg$parsefactor
FNDA:22,peg$parseprimary
FNDA:390,peg$parse_
FNDA:2,peg$parseCOMP
FNDA:14,peg$parseADDOP
FNDA:13,peg$parseMULOP
FNDA:14,peg$parsePLUS
FNDA:12,peg$parseMINUS
FNDA:13,peg$parseMUL
FNDA:12,peg$parseDIV
FNDA:18,peg$parseASSIGN
FNDA:14,peg$parseSEMICOLON
FNDA:5,peg$parseCOMMA
FNDA:17,peg$parseLEFTPAR
FNDA:5,peg$parseRIGHTPAR
FNDA:4,peg$parseLEFTBRACE
FNDA:4,peg$parseRIGHTBRACE
FNDA:82,peg$parseID
FNDA:13,peg$parseNUM
FNDA:44,peg$parseDECLARE
DA:9,1
DA:10,1
DA:11,1
DA:12,1
DA:15,1
DA:16,0
DA:17,0
DA:18,0
DA:19,0
DA:20,0
DA:22,0
DA:23,0
DA:27,1
DA:29,1
DA:30,0
DA:32,0
DA:36,0
DA:39,0
DA:40,0
DA:45,0
DA:49,0
DA:53,0
DA:57,0
DA:61,1
DA:62,0
DA:65,1
DA:66,0
DA:73,0
DA:74,0
DA:77,1
DA:78,0
DA:87,0
DA:88,0
DA:91,1
DA:92,0
DA:95,1
DA:96,0
DA:99,0
DA:100,0
DA:103,0
DA:105,0
DA:106,0
DA:107,0
DA:108,0
DA:109,0
DA:112,0
DA:115,0
DA:117,0
DA:120,0
DA:123,0
DA:129,1
DA:130,0
DA:133,0
DA:136,1
DA:137,9
DA:139,9
DA:145,9
DA:146,9
DA:147,2
DA:148,1
DA:149,1
DA:151,8
DA:152,2
DA:158,6
DA:166,1
DA:167,0
DA:173,1
DA:183,1
DA:192,1
DA:201,2
DA:208,1
DA:214,4
DA:216,2
DA:217,0
DA:219,2
DA:220,2
DA:221,2
DA:222,3
DA:224,2
DA:228,2
DA:235,11
DA:236,8
DA:238,3
DA:239,3
DA:240,3
DA:242,3
DA:246,12
DA:247,11
DA:249,1
DA:250,1
DA:251,1
DA:253,1
DA:256,0
DA:257,12
DA:259,9
DA:260,12
DA:267,2
DA:272,2
DA:275,1
DA:278,1
DA:281,0
DA:282,9
DA:297,29
DA:300,12
DA:303,7
DA:306,1
DA:317,9
DA:318,0
DA:319,0
DA:322,0
DA:325,1
DA:326,0
DA:329,1
DA:330,0
DA:333,1
DA:334,0
DA:336,0
DA:343,1
DA:344,0
DA:346,0
DA:349,1
DA:350,144
DA:353,1
DA:354,45
DA:357,1
DA:358,0
DA:361,1
DA:362,0
DA:365,1
DA:366,18
DA:369,1
DA:370,0
DA:372,0
DA:373,0
DA:375,0
DA:376,0
DA:377,0
DA:380,0
DA:381,0
DA:386,0
DA:387,0
DA:388,0
DA:389,0
DA:391,0
DA:394,0
DA:397,0
DA:398,0
DA:402,1
DA:403,0
DA:406,0
DA:420,1
DA:421,0
DA:423,0
DA:424,0
DA:425,0
DA:428,0
DA:431,1
DA:432,0
DA:435,1
DA:436,0
DA:444,1
DA:445,9
DA:447,9
DA:448,9
DA:449,9
DA:450,9
DA:451,9
DA:452,9
DA:453,9
DA:454,9
DA:457,0
DA:459,9
DA:460,9
DA:461,9
DA:463,9
DA:464,9
DA:465,9
DA:466,0
DA:467,0
DA:470,9
DA:473,1
DA:474,26
DA:476,26
DA:477,26
DA:478,26
DA:479,9
DA:480,9
DA:482,26
DA:483,26
DA:484,17
DA:485,17
DA:486,17
DA:487,1
DA:488,1
DA:490,17
DA:491,17
DA:492,16
DA:493,16
DA:494,16
DA:495,1
DA:496,1
DA:498,16
DA:499,16
DA:500,15
DA:501,15
DA:502,15
DA:503,1
DA:504,1
DA:506,15
DA:507,15
DA:508,14
DA:509,14
DA:510,14
DA:511,1
DA:512,1
DA:514,14
DA:520,26
DA:523,1
DA:524,26
DA:526,26
DA:527,26
DA:528,26
DA:529,19
DA:531,26
DA:532,26
DA:533,26
DA:534,13
DA:535,13
DA:536,13
DA:537,8
DA:538,8
DA:539,8
DA:540,8
DA:542,0
DA:543,0
DA:546,5
DA:547,5
DA:549,13
DA:550,5
DA:552,13
DA:553,13
DA:554,13
DA:555,8
DA:556,8
DA:557,8
DA:559,5
DA:560,5
DA:563,0
DA:564,0
DA:567,13
DA:568,13
DA:571,0
DA:572,0
DA:574,26
DA:575,18
DA:576,18
DA:577,18
DA:578,17
DA:580,18
DA:581,18
DA:582,18
DA:583,5
DA:584,5
DA:585,1
DA:586,1
DA:587,1
DA:588,1
DA:589,1
DA:591,0
DA:592,0
DA:595,4
DA:596,4
DA:599,13
DA:600,13
DA:603,0
DA:604,0
DA:608,26
DA:611,1
DA:612,17
DA:614,17
DA:615,17
DA:616,1
DA:617,1
DA:619,16
DA:620,16
DA:622,17
DA:623,1
DA:624,1
DA:625,1
DA:626,1
DA:627,1
DA:628,1
DA:629,1
DA:631,0
DA:632,0
DA:635,0
DA:636,0
DA:639,16
DA:640,16
DA:643,17
DA:646,1
DA:647,15
DA:649,15
DA:650,15
DA:651,1
DA:652,1
DA:654,14
DA:655,14
DA:657,15
DA:658,1
DA:659,1
DA:660,1
DA:661,1
DA:662,1
DA:663,1
DA:664,1
DA:666,0
DA:667,0
DA:670,0
DA:671,0
DA:674,14
DA:675,14
DA:678,15
DA:681,1
DA:682,17
DA:684,17
DA:685,17
DA:686,2
DA:687,2
DA:689,15
DA:690,15
DA:692,17
DA:693,2
DA:694,2
DA:695,1
DA:697,2
DA:698,2
DA:699,2
DA:700,2
DA:701,2
DA:702,1
DA:704,2
DA:705,2
DA:706,2
DA:707,2
DA:708,2
DA:709,2
DA:710,2
DA:711,2
DA:713,0
DA:714,0
DA:717,0
DA:718,0
DA:721,0
DA:722,0
DA:725,0
DA:726,0
DA:729,0
DA:730,0
DA:733,15
DA:734,15
DA:737,17
DA:740,1
DA:741,14
DA:743,14
DA:744,14
DA:745,14
DA:746,1
DA:747,1
DA:748,1
DA:749,1
DA:750,0
DA:752,1
DA:753,1
DA:754,1
DA:755,1
DA:756,1
DA:757,1
DA:758,1
DA:759,1
DA:761,0
DA:762,0
DA:765,0
DA:766,0
DA:769,0
DA:770,0
DA:773,0
DA:774,0
DA:777,13
DA:778,13
DA:781,14
DA:784,1
DA:785,4
DA:787,4
DA:788,4
DA:789,4
DA:790,4
DA:791,4
DA:792,4
DA:793,4
DA:794,4
DA:795,4
DA:798,0
DA:800,4
DA:801,4
DA:802,4
DA:803,4
DA:804,4
DA:805,4
DA:807,0
DA:808,0
DA:811,0
DA:812,0
DA:815,0
DA:816,0
DA:819,4
DA:822,1
DA:823,3
DA:825,3
DA:826,3
DA:827,3
DA:828,2
DA:829,2
DA:830,2
DA:831,2
DA:832,2
DA:833,2
DA:834,2
DA:835,2
DA:837,0
DA:838,0
DA:841,0
DA:842,0
DA:844,2
DA:845,3
DA:846,3
DA:847,3
DA:848,3
DA:849,1
DA:850,1
DA:851,1
DA:852,1
DA:854,0
DA:855,0
DA:858,2
DA:859,2
DA:862,2
DA:863,2
DA:864,2
DA:865,2
DA:867,0
DA:868,0
DA:871,1
DA:872,1
DA:875,3
DA:878,1
DA:879,2
DA:881,2
DA:882,2
DA:883,2
DA:884,2
DA:885,2
DA:886,2
DA:887,2
DA:888,2
DA:889,2
DA:890,2
DA:891,2
DA:892,2
DA:893,2
DA:894,2
DA:896,0
DA:897,0
DA:900,0
DA:901,0
DA:904,0
DA:905,0
DA:908,0
DA:909,0
DA:912,0
DA:913,0
DA:916,2
DA:919,1
DA:920,11
DA:922,11
DA:923,11
DA:924,11
DA:925,11
DA:926,11
DA:927,11
DA:928,11
DA:929,3
DA:930,3
DA:931,3
DA:932,3
DA:934,0
DA:935,0
DA:938,8
DA:939,8
DA:941,11
DA:942,3
DA:943,3
DA:944,3
DA:945,3
DA:946,0
DA:947,0
DA:948,0
DA:949,0
DA:951,0
DA:952,0
DA:955,3
DA:956,3
DA:959,11
DA:960,11
DA:961,11
DA:962,11
DA:964,0
DA:965,0
DA:968,0
DA:969,0
DA:972,11
DA:975,1
DA:976,12
DA:978,12
DA:979,12
DA:980,12
DA:981,12
DA:982,12
DA:983,12
DA:984,12
DA:985,1
DA:986,1
DA:987,1
DA:988,1
DA:990,0
DA:991,0
DA:994,11
DA:995,11
DA:997,12
DA:998,1
DA:999,1
DA:1000,1
DA:1001,1
DA:1002,0
DA:1003,0
DA:1004,0
DA:1005,0
DA:1007,0
DA:1008,0
DA:1011,1
DA:1012,1
DA:1015,12
DA:1016,12
DA:1017,12
DA:1018,12
DA:1020,0
DA:1021,0
DA:1024,0
DA:1025,0
DA:1028,12
DA:1031,1
DA:1032,12
DA:1034,12
DA:1035,12
DA:1036,12
DA:1037,0
DA:1038,0
DA:1039,0
DA:1040,0
DA:1041,0
DA:1042,0
DA:1043,0
DA:1045,0
DA:1046,0
DA:1049,0
DA:1050,0
DA:1053,12
DA:1054,12
DA:1056,12
DA:1057,12
DA:1058,12
DA:1059,12
DA:1060,12
DA:1061,12
DA:1063,12
DA:1066,12
DA:1069,1
DA:1070,22
DA:1072,22
DA:1073,22
DA:1074,22
DA:1075,22
DA:1076,9
DA:1077,9
DA:1079,22
DA:1080,22
DA:1081,13
DA:1082,13
DA:1083,13
DA:1084,12
DA:1085,12
DA:1087,13
DA:1089,22
DA:1090,22
DA:1091,1
DA:1092,1
DA:1095,22
DA:1098,1
DA:1099,390
DA:1101,390
DA:1102,390
DA:1103,66
DA:1104,66
DA:1106,324
DA:1107,324
DA:1109,390
DA:1110,66
DA:1111,66
DA:1112,0
DA:1113,0
DA:1115,66
DA:1116,66
DA:1120,390
DA:1123,1
DA:1124,2
DA:1126,2
DA:1127,2
DA:1128,2
DA:1129,2
DA:1130,2
DA:1131,2
DA:1132,2
DA:1133,2
DA:1135,0
DA:1136,0
DA:1138,2
DA:1139,2
DA:1140,2
DA:1141,2
DA:1143,0
DA:1144,0
DA:1146,2
DA:1147,2
DA:1148,2
DA:1150,0
DA:1151,0
DA:1154,0
DA:1155,0
DA:1157,2
DA:1158,2
DA:1160,0
DA:1162,2
DA:1163,2
DA:1164,2
DA:1165,2
DA:1166,2
DA:1167,2
DA:1169,0
DA:1170,0
DA:1173,0
DA:1174,0
DA:1177,0
DA:1178,0
DA:1180,2
DA:1181,0
DA:1182,0
DA:1183,0
DA:1184,0
DA:1185,0
DA:1186,0
DA:1188,0
DA:1189,0
DA:1191,0
DA:1192,0
DA:1193,0
DA:1194,0
DA:1195,0
DA:1196,0
DA:1198,0
DA:1199,0
DA:1202,0
DA:1203,0
DA:1206,0
DA:1207,0
DA:1211,2
DA:1214,1
DA:1215,14
DA:1217,14
DA:1218,14
DA:1219,12
DA:1222,14
DA:1225,1
DA:1226,13
DA:1228,13
DA:1229,13
DA:1230,12
DA:1233,13
DA:1236,1
DA:1237,14
DA:1239,14
DA:1240,14
DA:1241,14
DA:1242,14
DA:1243,2
DA:1244,2
DA:1246,12
DA:1247,12
DA:1249,14
DA:1250,2
DA:1251,2
DA:1252,2
DA:1253,2
DA:1254,2
DA:1256,0
DA:1257,0
DA:1260,12
DA:1261,12
DA:1264,0
DA:1265,0
DA:1268,14
DA:1271,1
DA:1272,12
DA:1274,12
DA:1275,12
DA:1276,12
DA:1277,12
DA:1278,1
DA:1279,1
DA:1281,11
DA:1282,11
DA:1284,12
DA:1285,1
DA:1286,1
DA:1287,1
DA:1288,1
DA:1289,1
DA:1291,0
DA:1292,0
DA:1295,11
DA:1296,11
DA:1299,0
DA:1300,0
DA:1303,12
DA:1306,1
DA:1307,13
DA:1309,13
DA:1310,13
DA:1311,13
DA:1312,13
DA:1313,1
DA:1314,1
DA:1316,12
DA:1317,12
DA:1319,13
DA:1320,1
DA:1321,1
DA:1322,1
DA:1323,1
DA:1324,1
DA:1326,0
DA:1327,0
DA:1330,12
DA:1331,12
DA:1334,0
DA:1335,0
DA:1338,13
DA:1341,1
DA:1342,12
DA:1344,12
DA:1345,12
DA:1346,12
DA:1347,12
DA:1348,0
DA:1349,0
DA:1351,12
DA:1352,12
DA:1354,12
DA:1355,0
DA:1356,0
DA:1357,0
DA:1358,0
DA:1359,0
DA:1361,0
DA:1362,0
DA:1365,12
DA:1366,12
DA:1369,0
DA:1370,0
DA:1373,12
DA:1376,1
DA:1377,18
DA:1379,18
DA:1380,18
DA:1381,18
DA:1382,18
DA:1383,9
DA:1384,9
DA:1386,9
DA:1387,9
DA:1389,18
DA:1390,9
DA:1391,9
DA:1392,9
DA:1393,9
DA:1394,9
DA:1396,0
DA:1397,0
DA:1400,9
DA:1401,9
DA:1404,0
DA:1405,0
DA:1408,18
DA:1411,1
DA:1412,14
DA:1414,14
DA:1415,14
DA:1416,14
DA:1417,14
DA:1418,9
DA:1419,9
DA:1421,5
DA:1422,5
DA:1424,14
DA:1425,9
DA:1426,9
DA:1427,9
DA:1428,9
DA:1430,0
DA:1431,0
DA:1434,5
DA:1435,5
DA:1438,0
DA:1439,0
DA:1442,14
DA:1445,1
DA:1446,5
DA:1448,5
DA:1449,5
DA:1450,5
DA:1451,5
DA:1452,3
DA:1453,3
DA:1455,2
DA:1456,2
DA:1458,5
DA:1459,3
DA:1460,3
DA:1461,3
DA:1462,3
DA:1464,0
DA:1465,0
DA:1468,2
DA:1469,2
DA:1472,0
DA:1473,0
DA:1476,5
DA:1479,1
DA:1480,17
DA:1482,17
DA:1483,17
DA:1484,17
DA:1485,17
DA:1486,5
DA:1487,5
DA:1489,12
DA:1490,12
DA:1492,17
DA:1493,5
DA:1494,5
DA:1495,5
DA:1496,5
DA:1498,0
DA:1499,0
DA:1502,12
DA:1503,12
DA:1506,0
DA:1507,0
DA:1510,17
DA:1513,1
DA:1514,5
DA:1516,5
DA:1517,5
DA:1518,5
DA:1519,5
DA:1520,5
DA:1521,5
DA:1523,0
DA:1524,0
DA:1526,5
DA:1527,5
DA:1528,5
DA:1529,5
DA:1530,5
DA:1532,0
DA:1533,0
DA:1536,0
DA:1537,0
DA:1540,0
DA:1541,0
DA:1544,5
DA:1547,1
DA:1548,4
DA:1550,4
DA:1551,4
DA:1552,4
DA:1553,4
DA:1554,4
DA:1555,4
DA:1557,0
DA:1558,0
DA:1560,4
DA:1561,4
DA:1562,4
DA:1563,4
DA:1564,4
DA:1566,0
DA:1567,0
DA:1570,0
DA:1571,0
DA:1574,0
DA:1575,0
DA:1578,4
DA:1581,1
DA:1582,4
DA:1584,4
DA:1585,4
DA:1586,4
DA:1587,4
DA:1588,4
DA:1589,4
DA:1591,0
DA:1592,0
DA:1594,4
DA:1595,4
DA:1596,4
DA:1597,4
DA:1598,4
DA:1600,0
DA:1601,0
DA:1604,0
DA:1605,0
DA:1608,0
DA:1609,0
DA:1612,4
DA:1615,1
DA:1616,82
DA:1618,82
DA:1619,82
DA:1620,82
DA:1621,82
DA:1622,82
DA:1623,82
DA:1624,29
DA:1625,29
DA:1627,53
DA:1628,53
DA:1630,82
DA:1631,29
DA:1632,112
DA:1633,112
DA:1634,83
DA:1635,83
DA:1637,29
DA:1638,29
DA:1642,53
DA:1644,82
DA:1645,29
DA:1647,53
DA:1649,82
DA:1650,29
DA:1651,29
DA:1652,29
DA:1653,29
DA:1654,29
DA:1656,0
DA:1657,0
DA:1660,53
DA:1661,53
DA:1664,0
DA:1665,0
DA:1668,82
DA:1671,1
DA:1672,13
DA:1674,13
DA:1675,13
DA:1676,13
DA:1677,13
DA:1678,13
DA:1679,13
DA:1680,12
DA:1681,12
DA:1683,1
DA:1684,1
DA:1686,13
DA:1687,12
DA:1688,16
DA:1689,16
DA:1690,4
DA:1691,4
DA:1693,12
DA:1694,12
DA:1698,1
DA:1700,13
DA:1701,12
DA:1703,1
DA:1705,13
DA:1706,12
DA:1707,12
DA:1708,12
DA:1709,12
DA:1710,12
DA:1712,0
DA:1713,0
DA:1716,1
DA:1717,1
DA:1720,0
DA:1721,0
DA:1724,13
DA:1727,1
DA:1728,44
DA:1730,44
DA:1731,44
DA:1732,44
DA:1733,44
DA:1734,7
DA:1735,7
DA:1737,37
DA:1738,37
DA:1740,44
DA:1741,7
DA:1742,7
DA:1743,7
DA:1744,7
DA:1745,7
DA:1747,0
DA:1748,0
DA:1751,37
DA:1752,37
DA:1755,0
DA:1756,0
DA:1758,44
DA:1759,37
DA:1760,37
DA:1761,37
DA:1762,37
DA:1763,1
DA:1764,1
DA:1766,36
DA:1767,36
DA:1769,37
DA:1770,1
DA:1771,1
DA:1772,1
DA:1773,1
DA:1774,1
DA:1776,0
DA:1777,0
DA:1780,36
DA:1781,36
DA:1784,0
DA:1785,0
DA:1789,44
DA:1793,9
DA:1794,9
DA:1795,9
DA:1800,9
DA:1802,9
DA:1803,9
DA:1805,0
DA:1806,0
DA:1809,0
DA:1819,1
LF:1072
LH:773
BRDA:22,1,0,0
BRDA:22,1,1,0
BRDA:40,2,0,0
BRDA:40,2,1,0
BRDA:45,3,0,0
BRDA:45,3,1,0
BRDA:105,4,0,0
BRDA:105,4,1,0
BRDA:107,5,0,0
BRDA:107,5,1,0
BRDA:115,6,0,0
BRDA:115,6,1,0
BRDA:115,6,2,0
BRDA:130,7,0,0
BRDA:130,7,1,0
BRDA:137,8,0,0
BRDA:137,8,1,9
BRDA:151,9,0,2
BRDA:151,9,1,6
BRDA:153,10,0,0
BRDA:153,10,1,2
BRDA:161,11,0,1
BRDA:161,11,1,5
BRDA:166,12,0,0
BRDA:166,12,1,1
BRDA:216,13,0,0
BRDA:216,13,1,2
BRDA:235,14,0,8
BRDA:235,14,1,3
BRDA:246,15,0,11
BRDA:246,15,1,1
BRDA:317,16,0,0
BRDA:317,16,1,9
BRDA:318,17,0,0
BRDA:318,17,1,0
BRDA:334,18,0,0
BRDA:334,18,1,0
BRDA:344,19,0,0
BRDA:344,19,1,0
BRDA:372,20,0,0
BRDA:372,20,1,0
BRDA:387,21,0,0
BRDA:387,21,1,0
BRDA:421,22,0,0
BRDA:421,22,1,0
BRDA:423,23,0,0
BRDA:423,23,1,0
BRDA:451,24,0,9
BRDA:451,24,1,0
BRDA:459,25,0,9
BRDA:459,25,1,0
BRDA:465,26,0,0
BRDA:465,26,1,9
BRDA:467,27,0,0
BRDA:467,27,1,0
BRDA:478,28,0,9
BRDA:478,28,1,17
BRDA:483,29,0,17
BRDA:483,29,1,9
BRDA:486,30,0,1
BRDA:486,30,1,16
BRDA:491,31,0,16
BRDA:491,31,1,1
BRDA:494,32,0,1
BRDA:494,32,1,15
BRDA:499,33,0,15
BRDA:499,33,1,1
BRDA:502,34,0,1
BRDA:502,34,1,14
BRDA:507,35,0,14
BRDA:507,35,1,1
BRDA:510,36,0,1
BRDA:510,36,1,13
BRDA:528,37,0,19
BRDA:528,37,1,7
BRDA:531,38,0,26
BRDA:531,38,1,0
BRDA:533,39,0,13
BRDA:533,39,1,13
BRDA:536,40,0,8
BRDA:536,40,1,5
BRDA:538,41,0,8
BRDA:538,41,1,0
BRDA:549,42,0,5
BRDA:549,42,1,8
BRDA:552,43,0,13
BRDA:552,43,1,0
BRDA:554,44,0,8
BRDA:554,44,1,5
BRDA:574,45,0,18
BRDA:574,45,1,8
BRDA:577,46,0,17
BRDA:577,46,1,1
BRDA:580,47,0,18
BRDA:580,47,1,0
BRDA:582,48,0,5
BRDA:582,48,1,13
BRDA:584,49,0,1
BRDA:584,49,1,4
BRDA:586,50,0,1
BRDA:586,50,1,0
BRDA:615,51,0,1
BRDA:615,51,1,16
BRDA:620,52,0,0
BRDA:620,52,1,16
BRDA:622,53,0,1
BRDA:622,53,1,16
BRDA:624,54,0,1
BRDA:624,54,1,0
BRDA:626,55,0,1
BRDA:626,55,1,0
BRDA:650,56,0,1
BRDA:650,56,1,14
BRDA:655,57,0,0
BRDA:655,57,1,14
BRDA:657,58,0,1
BRDA:657,58,1,14
BRDA:659,59,0,1
BRDA:659,59,1,0
BRDA:661,60,0,1
BRDA:661,60,1,0
BRDA:685,61,0,2
BRDA:685,61,1,15
BRDA:690,62,0,0
BRDA:690,62,1,15
BRDA:692,63,0,2
BRDA:692,63,1,15
BRDA:694,64,0,1
BRDA:694,64,1,1
BRDA:697,65,0,2
BRDA:697,65,1,0
BRDA:699,66,0,2
BRDA:699,66,1,0
BRDA:701,67,0,1
BRDA:701,67,1,1
BRDA:704,68,0,2
BRDA:704,68,1,0
BRDA:706,69,0,2
BRDA:706,69,1,0
BRDA:708,70,0,2
BRDA:708,70,1,0
BRDA:745,71,0,1
BRDA:745,71,1,13
BRDA:747,72,0,1
BRDA:747,72,1,0
BRDA:749,73,0,0
BRDA:749,73,1,1
BRDA:752,74,0,1
BRDA:752,74,1,0
BRDA:754,75,0,1
BRDA:754,75,1,0
BRDA:756,76,0,1
BRDA:756,76,1,0
BRDA:789,77,0,4
BRDA:789,77,1,0
BRDA:792,78,0,4
BRDA:792,78,1,0
BRDA:800,79,0,4
BRDA:800,79,1,0
BRDA:802,80,0,4
BRDA:802,80,1,0
BRDA:827,81,0,2
BRDA:827,81,1,1
BRDA:831,82,0,2
BRDA:831,82,1,0
BRDA:833,83,0,2
BRDA:833,83,1,0
BRDA:848,84,0,1
BRDA:848,84,1,2
BRDA:850,85,0,1
BRDA:850,85,1,0
BRDA:862,86,0,2
BRDA:862,86,1,0
BRDA:883,87,0,2
BRDA:883,87,1,0
BRDA:885,88,0,2
BRDA:885,88,1,0
BRDA:887,89,0,2
BRDA:887,89,1,0
BRDA:889,90,0,2
BRDA:889,90,1,0
BRDA:891,91,0,2
BRDA:891,91,1,0
BRDA:924,92,0,11
BRDA:924,92,1,0
BRDA:928,93,0,3
BRDA:928,93,1,8
BRDA:930,94,0,3
BRDA:930,94,1,0
BRDA:945,95,0,0
BRDA:945,95,1,3
BRDA:947,96,0,0
BRDA:947,96,1,0
BRDA:959,97,0,11
BRDA:959,97,1,0
BRDA:980,98,0,12
BRDA:980,98,1,0
BRDA:984,99,0,1
BRDA:984,99,1,11
BRDA:986,100,0,1
BRDA:986,100,1,0
BRDA:1001,101,0,0
BRDA:1001,101,1,1
BRDA:1003,102,0,0
BRDA:1003,102,1,0
BRDA:1015,103,0,12
BRDA:1015,103,1,0
BRDA:1036,104,0,0
BRDA:1036,104,1,12
BRDA:1038,105,0,0
BRDA:1038,105,1,0
BRDA:1040,106,0,0
BRDA:1040,106,1,0
BRDA:1056,107,0,12
BRDA:1056,107,1,0
BRDA:1059,108,0,12
BRDA:1059,108,1,0
BRDA:1075,109,0,9
BRDA:1075,109,1,13
BRDA:1080,110,0,13
BRDA:1080,110,1,9
BRDA:1083,111,0,12
BRDA:1083,111,1,1
BRDA:1090,112,0,1
BRDA:1090,112,1,21
BRDA:1092,113,0,0
BRDA:1092,113,1,1
BRDA:1102,114,0,66
BRDA:1102,114,1,324
BRDA:1107,115,0,0
BRDA:1107,115,1,324
BRDA:1111,116,0,0
BRDA:1111,116,1,66
BRDA:1116,117,0,0
BRDA:1116,117,1,66
BRDA:1128,118,0,2
BRDA:1128,118,1,0
BRDA:1131,119,0,2
BRDA:1131,119,1,0
BRDA:1136,120,0,0
BRDA:1136,120,1,0
BRDA:1138,121,0,2
BRDA:1138,121,1,0
BRDA:1139,122,0,2
BRDA:1139,122,1,0
BRDA:1144,123,0,0
BRDA:1144,123,1,0
BRDA:1146,124,0,2
BRDA:1146,124,1,0
BRDA:1157,125,0,2
BRDA:1157,125,1,0
BRDA:1162,126,0,2
BRDA:1162,126,1,0
BRDA:1164,127,0,2
BRDA:1164,127,1,0
BRDA:1180,128,0,0
BRDA:1180,128,1,2
BRDA:1183,129,0,0
BRDA:1183,129,1,0
BRDA:1184,130,0,0
BRDA:1184,130,1,0
BRDA:1189,131,0,0
BRDA:1189,131,1,0
BRDA:1191,132,0,0
BRDA:1191,132,1,0
BRDA:1193,133,0,0
BRDA:1193,133,1,0
BRDA:1218,134,0,12
BRDA:1218,134,1,2
BRDA:1229,135,0,12
BRDA:1229,135,1,1
BRDA:1241,136,0,14
BRDA:1241,136,1,0
BRDA:1242,137,0,2
BRDA:1242,137,1,12
BRDA:1247,138,0,0
BRDA:1247,138,1,12
BRDA:1249,139,0,2
BRDA:1249,139,1,12
BRDA:1251,140,0,2
BRDA:1251,140,1,0
BRDA:1276,141,0,12
BRDA:1276,141,1,0
BRDA:1277,142,0,1
BRDA:1277,142,1,11
BRDA:1282,143,0,0
BRDA:1282,143,1,11
BRDA:1284,144,0,1
BRDA:1284,144,1,11
BRDA:1286,145,0,1
BRDA:1286,145,1,0
BRDA:1311,146,0,13
BRDA:1311,146,1,0
BRDA:1312,147,0,1
BRDA:1312,147,1,12
BRDA:1317,148,0,0
BRDA:1317,148,1,12
BRDA:1319,149,0,1
BRDA:1319,149,1,12
BRDA:1321,150,0,1
BRDA:1321,150,1,0
BRDA:1346,151,0,12
BRDA:1346,151,1,0
BRDA:1347,152,0,0
BRDA:1347,152,1,12
BRDA:1352,153,0,0
BRDA:1352,153,1,12
BRDA:1354,154,0,0
BRDA:1354,154,1,12
BRDA:1356,155,0,0
BRDA:1356,155,1,0
BRDA:1381,156,0,18
BRDA:1381,156,1,0
BRDA:1382,157,0,9
BRDA:1382,157,1,9
BRDA:1387,158,0,0
BRDA:1387,158,1,9
BRDA:1389,159,0,9
BRDA:1389,159,1,9
BRDA:1391,160,0,9
BRDA:1391,160,1,0
BRDA:1416,161,0,14
BRDA:1416,161,1,0
BRDA:1417,162,0,9
BRDA:1417,162,1,5
BRDA:1422,163,0,0
BRDA:1422,163,1,5
BRDA:1424,164,0,9
BRDA:1424,164,1,5
BRDA:1426,165,0,9
BRDA:1426,165,1,0
BRDA:1450,166,0,5
BRDA:1450,166,1,0
BRDA:1451,167,0,3
BRDA:1451,167,1,2
BRDA:1456,168,0,0
BRDA:1456,168,1,2
BRDA:1458,169,0,3
BRDA:1458,169,1,2
BRDA:1460,170,0,3
BRDA:1460,170,1,0
BRDA:1484,171,0,17
BRDA:1484,171,1,0
BRDA:1485,172,0,5
BRDA:1485,172,1,12
BRDA:1490,173,0,0
BRDA:1490,173,1,12
BRDA:1492,174,0,5
BRDA:1492,174,1,12
BRDA:1494,175,0,5
BRDA:1494,175,1,0
BRDA:1518,176,0,5
BRDA:1518,176,1,0
BRDA:1519,177,0,5
BRDA:1519,177,1,0
BRDA:1524,178,0,0
BRDA:1524,178,1,0
BRDA:1526,179,0,5
BRDA:1526,179,1,0
BRDA:1528,180,0,5
BRDA:1528,180,1,0
BRDA:1552,181,0,4
BRDA:1552,181,1,0
BRDA:1553,182,0,4
BRDA:1553,182,1,0
BRDA:1558,183,0,0
BRDA:1558,183,1,0
BRDA:1560,184,0,4
BRDA:1560,184,1,0
BRDA:1562,185,0,4
BRDA:1562,185,1,0
BRDA:1586,186,0,4
BRDA:1586,186,1,0
BRDA:1587,187,0,4
BRDA:1587,187,1,0
BRDA:1592,188,0,0
BRDA:1592,188,1,0
BRDA:1594,189,0,4
BRDA:1594,189,1,0
BRDA:1596,190,0,4
BRDA:1596,190,1,0
BRDA:1620,191,0,82
BRDA:1620,191,1,0
BRDA:1623,192,0,29
BRDA:1623,192,1,53
BRDA:1628,193,0,0
BRDA:1628,193,1,53
BRDA:1630,194,0,29
BRDA:1630,194,1,53
BRDA:1633,195,0,83
BRDA:1633,195,1,29
BRDA:1638,196,0,0
BRDA:1638,196,1,29
BRDA:1644,197,0,29
BRDA:1644,197,1,53
BRDA:1649,198,0,29
BRDA:1649,198,1,53
BRDA:1651,199,0,29
BRDA:1651,199,1,0
BRDA:1676,200,0,13
BRDA:1676,200,1,0
BRDA:1679,201,0,12
BRDA:1679,201,1,1
BRDA:1684,202,0,0
BRDA:1684,202,1,1
BRDA:1686,203,0,12
BRDA:1686,203,1,1
BRDA:1689,204,0,4
BRDA:1689,204,1,12
BRDA:1694,205,0,0
BRDA:1694,205,1,12
BRDA:1700,206,0,12
BRDA:1700,206,1,1
BRDA:1705,207,0,12
BRDA:1705,207,1,1
BRDA:1707,208,0,12
BRDA:1707,208,1,0
BRDA:1732,209,0,44
BRDA:1732,209,1,0
BRDA:1733,210,0,7
BRDA:1733,210,1,37
BRDA:1738,211,0,0
BRDA:1738,211,1,37
BRDA:1740,212,0,7
BRDA:1740,212,1,37
BRDA:1742,213,0,7
BRDA:1742,213,1,0
BRDA:1758,214,0,37
BRDA:1758,214,1,7
BRDA:1761,215,0,37
BRDA:1761,215,1,0
BRDA:1762,216,0,1
BRDA:1762,216,1,36
BRDA:1767,217,0,0
BRDA:1767,217,1,36
BRDA:1769,218,0,1
BRDA:1769,218,1,36
BRDA:1771,219,0,1
BRDA:1771,219,1,0
BRDA:1802,220,0,9
BRDA:1802,220,1,0
BRDA:1802,221,0,9
BRDA:1802,221,1,9
BRDA:1805,222,0,0
BRDA:1805,222,1,0
BRDA:1805,223,0,0
BRDA:1805,223,1,0
BRDA:1811,224,0,0
BRDA:1811,224,1,0
BRDA:1812,225,0,0
BRDA:1812,225,1,0
BRF:451
BRH:263
end_of_record
